[100%] Built target mtms_joint_controller
-- Install configuration: ""
-- Execute custom install script
-- Up-to-date symlink: /home/suphasitpp/my_msc_ws/install/mtm_description/share/mtm_description/config/mtms.controllers.yaml
-- Up-to-date symlink: /home/suphasitpp/my_msc_ws/install/mtm_description/share/mtm_description/launch/README.md
-- Up-to-date symlink: /home/suphasitpp/my_msc_ws/install/mtm_description/share/mtm_description/launch/mtms_bringup.launch.py
-- Up-to-date symlink: /home/suphasitpp/my_msc_ws/install/mtm_description/share/mtm_description/launch/view_robot.launch.py
-- Up-to-date symlink: /home/suphasitpp/my_msc_ws/install/mtm_description/share/mtm_description/meshes/ArmParallel.dae
-- Up-to-date symlink: /home/suphasitpp/my_msc_ws/install/mtm_description/share/mtm_description/meshes/ArmParallel.stl
-- Up-to-date symlink: /home/suphasitpp/my_msc_ws/install/mtm_description/share/mtm_description/meshes/ArmParallel1.dae
-- Up-to-date symlink: /home/suphasitpp/my_msc_ws/install/mtm_description/share/mtm_description/meshes/ArmParallel1.stl
-- Up-to-date symlink: /home/suphasitpp/my_msc_ws/install/mtm_description/share/mtm_description/meshes/BottomArm.dae
-- Up-to-date symlink: /home/suphasitpp/my_msc_ws/install/mtm_description/share/mtm_description/meshes/BottomArm.stl
-- Up-to-date symlink: /home/suphasitpp/my_msc_ws/install/mtm_description/share/mtm_description/meshes/Link.dae
-- Up-to-date symlink: /home/suphasitpp/my_msc_ws/install/mtm_description/share/mtm_description/meshes/Link.stl
-- Up-to-date symlink: /home/suphasitpp/my_msc_ws/install/mtm_description/share/mtm_description/meshes/OutPitch_Shoulder.dae
-- Up-to-date symlink: /home/suphasitpp/my_msc_ws/install/mtm_description/share/mtm_description/meshes/OutPitch_Shoulder.stl
-- Up-to-date symlink: /home/suphasitpp/my_msc_ws/install/mtm_description/share/mtm_description/meshes/TopPanel.dae
-- Up-to-date symlink: /home/suphasitpp/my_msc_ws/install/mtm_description/share/mtm_description/meshes/TopPanel.stl
-- Up-to-date symlink: /home/suphasitpp/my_msc_ws/install/mtm_description/share/mtm_description/meshes/WristPitch.dae
-- Up-to-date symlink: /home/suphasitpp/my_msc_ws/install/mtm_description/share/mtm_description/meshes/WristPitch.stl
-- Up-to-date symlink: /home/suphasitpp/my_msc_ws/install/mtm_description/share/mtm_description/meshes/WristPlatform.dae
-- Up-to-date symlink: /home/suphasitpp/my_msc_ws/install/mtm_description/share/mtm_description/meshes/WristPlatform.stl
-- Up-to-date symlink: /home/suphasitpp/my_msc_ws/install/mtm_description/share/mtm_description/meshes/WristRoll.dae
-- Up-to-date symlink: /home/suphasitpp/my_msc_ws/install/mtm_description/share/mtm_description/meshes/WristRoll.stl
-- Up-to-date symlink: /home/suphasitpp/my_msc_ws/install/mtm_description/share/mtm_description/meshes/WristYaw.dae
-- Up-to-date symlink: /home/suphasitpp/my_msc_ws/install/mtm_description/share/mtm_description/meshes/WristYaw.stl
-- Up-to-date symlink: /home/suphasitpp/my_msc_ws/install/mtm_description/share/mtm_description/rviz/mtm_description.rviz
-- Up-to-date symlink: /home/suphasitpp/my_msc_ws/install/mtm_description/share/mtm_description/urdf/README.md
-- Up-to-date symlink: /home/suphasitpp/my_msc_ws/install/mtm_description/share/mtm_description/urdf/mtms.urdf.xacro
-- Up-to-date symlink: /home/suphasitpp/my_msc_ws/install/mtm_description/share/mtm_description/urdf/ros2_control/README.md
-- Up-to-date symlink: /home/suphasitpp/my_msc_ws/install/mtm_description/share/mtm_description/urdf/ros2_control/mtm.ros2_control.xacro
-- Up-to-date symlink: /home/suphasitpp/my_msc_ws/install/mtm_description/share/mtm_description/urdf/xacros/README.md
-- Up-to-date symlink: /home/suphasitpp/my_msc_ws/install/mtm_description/share/mtm_description/urdf/xacros/common.xacro
-- Up-to-date symlink: /home/suphasitpp/my_msc_ws/install/mtm_description/share/mtm_description/urdf/xacros/mtm.xacro
-- Up-to-date symlink: /home/suphasitpp/my_msc_ws/install/mtm_description/lib/mtm_description/mtms_joint_controller
-- Up-to-date symlink: /home/suphasitpp/my_msc_ws/install/mtm_description/share/ament_index/resource_index/package_run_dependencies/mtm_description
-- Up-to-date symlink: /home/suphasitpp/my_msc_ws/install/mtm_description/share/ament_index/resource_index/parent_prefix_path/mtm_description
-- Up-to-date symlink: /home/suphasitpp/my_msc_ws/install/mtm_description/share/mtm_description/environment/ament_prefix_path.sh
-- Up-to-date symlink: /home/suphasitpp/my_msc_ws/install/mtm_description/share/mtm_description/environment/ament_prefix_path.dsv
-- Up-to-date symlink: /home/suphasitpp/my_msc_ws/install/mtm_description/share/mtm_description/environment/path.sh
-- Up-to-date symlink: /home/suphasitpp/my_msc_ws/install/mtm_description/share/mtm_description/environment/path.dsv
-- Up-to-date symlink: /home/suphasitpp/my_msc_ws/install/mtm_description/share/mtm_description/local_setup.bash
-- Up-to-date symlink: /home/suphasitpp/my_msc_ws/install/mtm_description/share/mtm_description/local_setup.sh
-- Up-to-date symlink: /home/suphasitpp/my_msc_ws/install/mtm_description/share/mtm_description/local_setup.zsh
-- Up-to-date symlink: /home/suphasitpp/my_msc_ws/install/mtm_description/share/mtm_description/local_setup.dsv
-- Symlinking: /home/suphasitpp/my_msc_ws/install/mtm_description/share/mtm_description/package.dsv
-- Up-to-date symlink: /home/suphasitpp/my_msc_ws/install/mtm_description/share/ament_index/resource_index/packages/mtm_description
-- Up-to-date symlink: /home/suphasitpp/my_msc_ws/install/mtm_description/share/mtm_description/cmake/mtm_descriptionConfig.cmake
-- Up-to-date symlink: /home/suphasitpp/my_msc_ws/install/mtm_description/share/mtm_description/cmake/mtm_descriptionConfig-version.cmake
-- Up-to-date symlink: /home/suphasitpp/my_msc_ws/install/mtm_description/share/mtm_description/package.xml
