running develop
running egg_info
creating da_vinci_tool_integration.egg-info
writing da_vinci_tool_integration.egg-info/PKG-INFO
writing dependency_links to da_vinci_tool_integration.egg-info/dependency_links.txt
writing entry points to da_vinci_tool_integration.egg-info/entry_points.txt
writing requirements to da_vinci_tool_integration.egg-info/requires.txt
writing top-level names to da_vinci_tool_integration.egg-info/top_level.txt
writing manifest file 'da_vinci_tool_integration.egg-info/SOURCES.txt'
reading manifest file 'da_vinci_tool_integration.egg-info/SOURCES.txt'
writing manifest file 'da_vinci_tool_integration.egg-info/SOURCES.txt'
running build_ext
Creating /home/suphasitpp/my_msc_ws/install/da_vinci_tool_integration/lib/python3.10/site-packages/da-vinci-tool-integration.egg-link (link to .)
Installing ik_node script to /home/suphasitpp/my_msc_ws/install/da_vinci_tool_integration/lib/da_vinci_tool_integration

Installed /home/suphasitpp/my_msc_ws/build/da_vinci_tool_integration
running symlink_data
creating /home/suphasitpp/my_msc_ws/install/da_vinci_tool_integration/share/ament_index
creating /home/suphasitpp/my_msc_ws/install/da_vinci_tool_integration/share/ament_index/resource_index
creating /home/suphasitpp/my_msc_ws/install/da_vinci_tool_integration/share/ament_index/resource_index/packages
symbolically linking /home/suphasitpp/my_msc_ws/build/da_vinci_tool_integration/resource/da_vinci_tool_integration -> /home/suphasitpp/my_msc_ws/install/da_vinci_tool_integration/share/ament_index/resource_index/packages
symbolically linking /home/suphasitpp/my_msc_ws/build/da_vinci_tool_integration/package.xml -> /home/suphasitpp/my_msc_ws/install/da_vinci_tool_integration/share/da_vinci_tool_integration
creating /home/suphasitpp/my_msc_ws/install/da_vinci_tool_integration/share/da_vinci_tool_integration/launch
symbolically linking /home/suphasitpp/my_msc_ws/build/da_vinci_tool_integration/launch/med7_combined_simple.launch.py -> /home/suphasitpp/my_msc_ws/install/da_vinci_tool_integration/share/da_vinci_tool_integration/launch
creating /home/suphasitpp/my_msc_ws/install/da_vinci_tool_integration/share/da_vinci_tool_integration/urdf
symbolically linking /home/suphasitpp/my_msc_ws/build/da_vinci_tool_integration/urdf/med7.xacro -> /home/suphasitpp/my_msc_ws/install/da_vinci_tool_integration/share/da_vinci_tool_integration/urdf
symbolically linking /home/suphasitpp/my_msc_ws/build/da_vinci_tool_integration/urdf/med7_arm_only.xacro -> /home/suphasitpp/my_msc_ws/install/da_vinci_tool_integration/share/da_vinci_tool_integration/urdf
symbolically linking /home/suphasitpp/my_msc_ws/build/da_vinci_tool_integration/urdf/psm.base.xacro -> /home/suphasitpp/my_msc_ws/install/da_vinci_tool_integration/share/da_vinci_tool_integration/urdf
symbolically linking /home/suphasitpp/my_msc_ws/build/da_vinci_tool_integration/urdf/psm.classic.urdf.xacro -> /home/suphasitpp/my_msc_ws/install/da_vinci_tool_integration/share/da_vinci_tool_integration/urdf
symbolically linking /home/suphasitpp/my_msc_ws/build/da_vinci_tool_integration/urdf/psm.tool.xacro -> /home/suphasitpp/my_msc_ws/install/da_vinci_tool_integration/share/da_vinci_tool_integration/urdf
creating /home/suphasitpp/my_msc_ws/install/da_vinci_tool_integration/share/da_vinci_tool_integration/urdf/adaptor
symbolically linking /home/suphasitpp/my_msc_ws/build/da_vinci_tool_integration/urdf/adaptor/adaptor.urdf -> /home/suphasitpp/my_msc_ws/install/da_vinci_tool_integration/share/da_vinci_tool_integration/urdf/adaptor
creating /home/suphasitpp/my_msc_ws/install/da_vinci_tool_integration/share/da_vinci_tool_integration/urdf/adaptor/meshes
symbolically linking /home/suphasitpp/my_msc_ws/build/da_vinci_tool_integration/urdf/adaptor/meshes/Da_vinci_si_manipulator.stl -> /home/suphasitpp/my_msc_ws/install/da_vinci_tool_integration/share/da_vinci_tool_integration/urdf/adaptor/meshes
creating /home/suphasitpp/my_msc_ws/install/da_vinci_tool_integration/share/da_vinci_tool_integration/moveit_config
creating /home/suphasitpp/my_msc_ws/install/da_vinci_tool_integration/share/da_vinci_tool_integration/moveit_config/launch
symbolically linking /home/suphasitpp/my_msc_ws/build/da_vinci_tool_integration/moveit_config/launch/move_group.launch.py -> /home/suphasitpp/my_msc_ws/install/da_vinci_tool_integration/share/da_vinci_tool_integration/moveit_config/launch
creating /home/suphasitpp/my_msc_ws/install/da_vinci_tool_integration/share/da_vinci_tool_integration/moveit_config/config
symbolically linking /home/suphasitpp/my_msc_ws/build/da_vinci_tool_integration/moveit_config/config/kinematics.yaml -> /home/suphasitpp/my_msc_ws/install/da_vinci_tool_integration/share/da_vinci_tool_integration/moveit_config/config
symbolically linking /home/suphasitpp/my_msc_ws/build/da_vinci_tool_integration/moveit_config/config/joint_limits.yaml -> /home/suphasitpp/my_msc_ws/install/da_vinci_tool_integration/share/da_vinci_tool_integration/moveit_config/config
symbolically linking /home/suphasitpp/my_msc_ws/build/da_vinci_tool_integration/moveit_config/config/med7.srdf -> /home/suphasitpp/my_msc_ws/install/da_vinci_tool_integration/share/da_vinci_tool_integration/moveit_config/config
symbolically linking /home/suphasitpp/my_msc_ws/build/da_vinci_tool_integration/moveit_config/config/moveit.rviz -> /home/suphasitpp/my_msc_ws/install/da_vinci_tool_integration/share/da_vinci_tool_integration/moveit_config/config
symbolically linking /home/suphasitpp/my_msc_ws/build/da_vinci_tool_integration/moveit_config/config/moveit_controllers.yaml -> /home/suphasitpp/my_msc_ws/install/da_vinci_tool_integration/share/da_vinci_tool_integration/moveit_config/config
symbolically linking /home/suphasitpp/my_msc_ws/build/da_vinci_tool_integration/moveit_config/config/pilz_cartesian_limits.yaml -> /home/suphasitpp/my_msc_ws/install/da_vinci_tool_integration/share/da_vinci_tool_integration/moveit_config/config
creating /home/suphasitpp/my_msc_ws/install/da_vinci_tool_integration/share/da_vinci_tool_integration/config
symbolically linking /home/suphasitpp/my_msc_ws/build/da_vinci_tool_integration/moveit_config/config/kinematics.yaml -> /home/suphasitpp/my_msc_ws/install/da_vinci_tool_integration/share/da_vinci_tool_integration/config
symbolically linking /home/suphasitpp/my_msc_ws/build/da_vinci_tool_integration/moveit_config/config/joint_limits.yaml -> /home/suphasitpp/my_msc_ws/install/da_vinci_tool_integration/share/da_vinci_tool_integration/config
symbolically linking /home/suphasitpp/my_msc_ws/build/da_vinci_tool_integration/moveit_config/config/med7.srdf -> /home/suphasitpp/my_msc_ws/install/da_vinci_tool_integration/share/da_vinci_tool_integration/config
symbolically linking /home/suphasitpp/my_msc_ws/build/da_vinci_tool_integration/moveit_config/config/moveit.rviz -> /home/suphasitpp/my_msc_ws/install/da_vinci_tool_integration/share/da_vinci_tool_integration/config
symbolically linking /home/suphasitpp/my_msc_ws/build/da_vinci_tool_integration/moveit_config/config/moveit_controllers.yaml -> /home/suphasitpp/my_msc_ws/install/da_vinci_tool_integration/share/da_vinci_tool_integration/config
symbolically linking /home/suphasitpp/my_msc_ws/build/da_vinci_tool_integration/moveit_config/config/pilz_cartesian_limits.yaml -> /home/suphasitpp/my_msc_ws/install/da_vinci_tool_integration/share/da_vinci_tool_integration/config
