[0.579s] Invoking command in '/home/suphasitpp/my_msc_ws/build/davinci_core_description': CMAKE_PREFIX_PATH=${CMAKE_PREFIX_PATH}:/home/suphasitpp/my_msc_ws/install/lbr_demos_py:/home/suphasitpp/my_msc_ws/install/lbr_moveit:/home/suphasitpp/my_msc_ws/install/lbr_demos_advanced_py:/home/suphasitpp/my_msc_ws/install/da_vinci_tool_integration:/home/suphasitpp/da-vinci-tool-combined/install/lbr_demos_py:/home/suphasitpp/da-vinci-tool-combined/install/lbr_moveit:/home/suphasitpp/da-vinci-tool-combined/install/lbr_demos_advanced_py:/home/suphasitpp/da-vinci-tool-combined/install/da_vinvi_tool_robot_integration:/opt/ros/humble /usr/bin/cmake /home/suphasitpp/my_msc_ws/src/dvrk_urdf/davinci_core_description -DAMENT_CMAKE_SYMLINK_INSTALL=1 -DCMAKE_INSTALL_PREFIX=/home/suphasitpp/my_msc_ws/install/davinci_core_description
[2.469s] -- The C compiler identification is GNU 11.4.0
[2.469s] -- The CXX compiler identification is GNU 11.4.0
[2.469s] -- Detecting C compiler ABI info
[2.469s] -- Detecting C compiler ABI info - done
[2.469s] -- Check for working C compiler: /usr/bin/cc - skipped
[2.470s] -- Detecting C compile features
[2.470s] -- Detecting C compile features - done
[2.470s] -- Detecting CXX compiler ABI info
[2.470s] -- Detecting CXX compiler ABI info - done
[2.470s] -- Check for working CXX compiler: /usr/bin/c++ - skipped
[2.470s] -- Detecting CXX compile features
[2.470s] -- Detecting CXX compile features - done
[2.470s] -- Found ament_cmake: 1.3.11 (/opt/ros/humble/share/ament_cmake/cmake)
[2.470s] -- Found Python3: /usr/bin/python3 (found version "3.10.12") found components: Interpreter 
[2.470s] -- Override CMake install command with custom implementation using symlinks instead of copying resources
[2.470s] -- Found urdf: 2.6.1 (/opt/ros/humble/share/urdf/cmake)
[2.471s] -- Found xacro: 2.0.13 (/opt/ros/humble/share/xacro/cmake)
[2.471s] -- Found robot_state_publisher: 3.0.3 (/opt/ros/humble/share/robot_state_publisher/cmake)
[2.471s] -- Found rosidl_generator_c: 3.1.6 (/opt/ros/humble/share/rosidl_generator_c/cmake)
[2.471s] -- Found rosidl_adapter: 3.1.6 (/opt/ros/humble/share/rosidl_adapter/cmake)
[2.471s] -- Found rosidl_generator_cpp: 3.1.6 (/opt/ros/humble/share/rosidl_generator_cpp/cmake)
[2.471s] -- Using all available rosidl_typesupport_c: rosidl_typesupport_fastrtps_c;rosidl_typesupport_introspection_c
[2.478s] -- Using all available rosidl_typesupport_cpp: rosidl_typesupport_fastrtps_cpp;rosidl_typesupport_introspection_cpp
[2.611s] -- Found eigen3_cmake_module: 0.1.1 (/opt/ros/humble/share/eigen3_cmake_module/cmake)
[2.613s] -- Found Eigen3: TRUE (found version "3.4.0") 
[2.613s] -- Ensuring Eigen3 include directory is part of orocos-kdl CMake target
[2.703s] -- Found rmw_implementation_cmake: 6.1.2 (/opt/ros/humble/share/rmw_implementation_cmake/cmake)
[2.712s] -- Found rmw_fastrtps_cpp: 6.2.7 (/opt/ros/humble/share/rmw_fastrtps_cpp/cmake)
[2.769s] -- Found TinyXML2 via Config file: TinyXML2_DIR-NOTFOUND
[3.089s] -- Found OpenSSL: /usr/lib/x86_64-linux-gnu/libcrypto.so (found version "3.0.2")  
[3.095s] -- Found TinyXML2 via Config file: TinyXML2_DIR-NOTFOUND
[3.134s] -- Found FastRTPS: /opt/ros/humble/include  
[3.138s] -- Found TinyXML2 via Config file: TinyXML2_DIR-NOTFOUND
[3.168s] -- Found TinyXML2 via Config file: TinyXML2_DIR-NOTFOUND
[3.200s] -- Using RMW implementation 'rmw_fastrtps_cpp' as default
[3.235s] -- Looking for pthread.h
[3.515s] -- Looking for pthread.h - found
[3.515s] -- Performing Test CMAKE_HAVE_LIBC_PTHREAD
[3.727s] -- Performing Test CMAKE_HAVE_LIBC_PTHREAD - Success
[3.727s] -- Found Threads: TRUE  
[4.072s] -- Found trajectory_msgs: 4.8.0 (/opt/ros/humble/share/trajectory_msgs/cmake)
[4.103s] -- Found controller_manager: 2.50.0 (/opt/ros/humble/share/controller_manager/cmake)
[4.321s] -- Found joint_state_broadcaster: 2.45.0 (/opt/ros/humble/share/joint_state_broadcaster/cmake)
[4.389s] -- Found position_controllers: 2.45.0 (/opt/ros/humble/share/position_controllers/cmake)
[4.436s] -- Found ros2_control: 2.50.0 (/opt/ros/humble/share/ros2_control/cmake)
[4.446s] -- Found ros2_controllers: 2.45.0 (/opt/ros/humble/share/ros2_controllers/cmake)
[4.538s] -- Found ament_lint_auto: 0.12.12 (/opt/ros/humble/share/ament_lint_auto/cmake)
[4.743s] -- Added test 'cppcheck' to perform static code analysis on C / C++ code
[4.743s] -- Configured cppcheck include dirs: 
[4.743s] -- Configured cppcheck exclude dirs and/or files: 
[4.747s] -- Added test 'flake8' to check Python code syntax and style conventions
[4.749s] -- Added test 'lint_cmake' to check CMake code style
[4.752s] -- Added test 'pep257' to check Python code against some of the docstring style conventions in PEP 257
[4.756s] -- Added test 'uncrustify' to check C / C++ code style
[4.756s] -- Configured uncrustify additional arguments: 
[4.759s] -- Added test 'xmllint' to check XML markup files
[4.768s] -- Configuring done
[4.856s] -- Generating done
[4.868s] -- Build files have been written to: /home/suphasitpp/my_msc_ws/build/davinci_core_description
[4.892s] Invoked command in '/home/suphasitpp/my_msc_ws/build/davinci_core_description' returned '0': CMAKE_PREFIX_PATH=${CMAKE_PREFIX_PATH}:/home/suphasitpp/my_msc_ws/install/lbr_demos_py:/home/suphasitpp/my_msc_ws/install/lbr_moveit:/home/suphasitpp/my_msc_ws/install/lbr_demos_advanced_py:/home/suphasitpp/my_msc_ws/install/da_vinci_tool_integration:/home/suphasitpp/da-vinci-tool-combined/install/lbr_demos_py:/home/suphasitpp/da-vinci-tool-combined/install/lbr_moveit:/home/suphasitpp/da-vinci-tool-combined/install/lbr_demos_advanced_py:/home/suphasitpp/da-vinci-tool-combined/install/da_vinvi_tool_robot_integration:/opt/ros/humble /usr/bin/cmake /home/suphasitpp/my_msc_ws/src/dvrk_urdf/davinci_core_description -DAMENT_CMAKE_SYMLINK_INSTALL=1 -DCMAKE_INSTALL_PREFIX=/home/suphasitpp/my_msc_ws/install/davinci_core_description
[4.894s] Invoking command in '/home/suphasitpp/my_msc_ws/build/davinci_core_description': CMAKE_PREFIX_PATH=${CMAKE_PREFIX_PATH}:/home/suphasitpp/my_msc_ws/install/lbr_demos_py:/home/suphasitpp/my_msc_ws/install/lbr_moveit:/home/suphasitpp/my_msc_ws/install/lbr_demos_advanced_py:/home/suphasitpp/my_msc_ws/install/da_vinci_tool_integration:/home/suphasitpp/da-vinci-tool-combined/install/lbr_demos_py:/home/suphasitpp/da-vinci-tool-combined/install/lbr_moveit:/home/suphasitpp/da-vinci-tool-combined/install/lbr_demos_advanced_py:/home/suphasitpp/da-vinci-tool-combined/install/da_vinvi_tool_robot_integration:/opt/ros/humble /usr/bin/cmake --build /home/suphasitpp/my_msc_ws/build/davinci_core_description -- -j8 -l8
[5.116s] [ 50%] [32mBuilding CXX object CMakeFiles/davinci_core_joint_controller.dir/src/davinci_core_joint_controller.cpp.o[0m
[14.961s] [100%] [32m[1mLinking CXX executable davinci_core_joint_controller[0m
[16.200s] [100%] Built target davinci_core_joint_controller
[16.281s] Invoked command in '/home/suphasitpp/my_msc_ws/build/davinci_core_description' returned '0': CMAKE_PREFIX_PATH=${CMAKE_PREFIX_PATH}:/home/suphasitpp/my_msc_ws/install/lbr_demos_py:/home/suphasitpp/my_msc_ws/install/lbr_moveit:/home/suphasitpp/my_msc_ws/install/lbr_demos_advanced_py:/home/suphasitpp/my_msc_ws/install/da_vinci_tool_integration:/home/suphasitpp/da-vinci-tool-combined/install/lbr_demos_py:/home/suphasitpp/da-vinci-tool-combined/install/lbr_moveit:/home/suphasitpp/da-vinci-tool-combined/install/lbr_demos_advanced_py:/home/suphasitpp/da-vinci-tool-combined/install/da_vinvi_tool_robot_integration:/opt/ros/humble /usr/bin/cmake --build /home/suphasitpp/my_msc_ws/build/davinci_core_description -- -j8 -l8
[16.282s] Invoking command in '/home/suphasitpp/my_msc_ws/build/davinci_core_description': CMAKE_PREFIX_PATH=${CMAKE_PREFIX_PATH}:/home/suphasitpp/my_msc_ws/install/lbr_demos_py:/home/suphasitpp/my_msc_ws/install/lbr_moveit:/home/suphasitpp/my_msc_ws/install/lbr_demos_advanced_py:/home/suphasitpp/my_msc_ws/install/da_vinci_tool_integration:/home/suphasitpp/da-vinci-tool-combined/install/lbr_demos_py:/home/suphasitpp/da-vinci-tool-combined/install/lbr_moveit:/home/suphasitpp/da-vinci-tool-combined/install/lbr_demos_advanced_py:/home/suphasitpp/da-vinci-tool-combined/install/da_vinvi_tool_robot_integration:/opt/ros/humble /usr/bin/cmake --install /home/suphasitpp/my_msc_ws/build/davinci_core_description
[16.703s] -- Install configuration: ""
[16.703s] -- Execute custom install script
[16.704s] -- Symlinking: /home/suphasitpp/my_msc_ws/install/davinci_core_description/share/davinci_core_description/config/davinci_core.controllers.yaml
[16.712s] -- Symlinking: /home/suphasitpp/my_msc_ws/install/davinci_core_description/share/davinci_core_description/launch/README.md
[16.712s] -- Symlinking: /home/suphasitpp/my_msc_ws/install/davinci_core_description/share/davinci_core_description/launch/davinci_core_bringup.launch.py
[16.712s] -- Symlinking: /home/suphasitpp/my_msc_ws/install/davinci_core_description/share/davinci_core_description/launch/view_robot.launch.py
[16.712s] -- Symlinking: /home/suphasitpp/my_msc_ws/install/davinci_core_description/share/davinci_core_description/meshes/mounting_base.stl
[16.714s] -- Symlinking: /home/suphasitpp/my_msc_ws/install/davinci_core_description/share/davinci_core_description/meshes/outer_insertion.stl
[16.788s] -- Symlinking: /home/suphasitpp/my_msc_ws/install/davinci_core_description/share/davinci_core_description/meshes/outer_pitch_base.stl
[16.838s] -- Symlinking: /home/suphasitpp/my_msc_ws/install/davinci_core_description/share/davinci_core_description/meshes/outer_pitch_bottom.stl
[16.872s] -- Symlinking: /home/suphasitpp/my_msc_ws/install/davinci_core_description/share/davinci_core_description/meshes/outer_pitch_front.stl
[16.926s] -- Symlinking: /home/suphasitpp/my_msc_ws/install/davinci_core_description/share/davinci_core_description/meshes/outer_pitch_top.stl
[16.968s] -- Symlinking: /home/suphasitpp/my_msc_ws/install/davinci_core_description/share/davinci_core_description/meshes/outer_yaw.stl
[17.001s] -- Symlinking: /home/suphasitpp/my_msc_ws/install/davinci_core_description/share/davinci_core_description/meshes/slave_frame.stl
[17.043s] -- Symlinking: /home/suphasitpp/my_msc_ws/install/davinci_core_description/share/davinci_core_description/meshes/tool_adaptor.stl
[17.076s] -- Symlinking: /home/suphasitpp/my_msc_ws/install/davinci_core_description/share/davinci_core_description/meshes/tool_asm.stl
[17.111s] -- Symlinking: /home/suphasitpp/my_msc_ws/install/davinci_core_description/share/davinci_core_description/rviz/davinci_core_description.rviz
[17.148s] -- Symlinking: /home/suphasitpp/my_msc_ws/install/davinci_core_description/share/davinci_core_description/urdf/README.md
[17.174s] -- Symlinking: /home/suphasitpp/my_msc_ws/install/davinci_core_description/share/davinci_core_description/urdf/daVinci.urdf.xacro
[17.204s] -- Symlinking: /home/suphasitpp/my_msc_ws/install/davinci_core_description/share/davinci_core_description/urdf/ros2_control/README.md
[17.249s] -- Symlinking: /home/suphasitpp/my_msc_ws/install/davinci_core_description/share/davinci_core_description/urdf/ros2_control/daVinci.arm.ros2_control.xacro
[17.297s] -- Symlinking: /home/suphasitpp/my_msc_ws/install/davinci_core_description/share/davinci_core_description/urdf/xacros/README.md
[17.327s] -- Symlinking: /home/suphasitpp/my_msc_ws/install/davinci_core_description/share/davinci_core_description/urdf/xacros/daVinci.arm.xacro
[17.372s] -- Symlinking: /home/suphasitpp/my_msc_ws/install/davinci_core_description/lib/davinci_core_description/davinci_core_joint_controller
[17.414s] -- Symlinking: /home/suphasitpp/my_msc_ws/install/davinci_core_description/share/ament_index/resource_index/package_run_dependencies/davinci_core_description
[17.464s] -- Symlinking: /home/suphasitpp/my_msc_ws/install/davinci_core_description/share/ament_index/resource_index/parent_prefix_path/davinci_core_description
[17.494s] -- Symlinking: /home/suphasitpp/my_msc_ws/install/davinci_core_description/share/davinci_core_description/environment/ament_prefix_path.sh
[17.550s] -- Symlinking: /home/suphasitpp/my_msc_ws/install/davinci_core_description/share/davinci_core_description/environment/ament_prefix_path.dsv
[17.591s] -- Symlinking: /home/suphasitpp/my_msc_ws/install/davinci_core_description/share/davinci_core_description/environment/path.sh
[17.647s] -- Symlinking: /home/suphasitpp/my_msc_ws/install/davinci_core_description/share/davinci_core_description/environment/path.dsv
[17.671s] -- Symlinking: /home/suphasitpp/my_msc_ws/install/davinci_core_description/share/davinci_core_description/local_setup.bash
[17.714s] -- Symlinking: /home/suphasitpp/my_msc_ws/install/davinci_core_description/share/davinci_core_description/local_setup.sh
[17.742s] -- Symlinking: /home/suphasitpp/my_msc_ws/install/davinci_core_description/share/davinci_core_description/local_setup.zsh
[17.778s] -- Symlinking: /home/suphasitpp/my_msc_ws/install/davinci_core_description/share/davinci_core_description/local_setup.dsv
[17.836s] -- Symlinking: /home/suphasitpp/my_msc_ws/install/davinci_core_description/share/davinci_core_description/package.dsv
[17.877s] -- Symlinking: /home/suphasitpp/my_msc_ws/install/davinci_core_description/share/ament_index/resource_index/packages/davinci_core_description
[17.909s] -- Symlinking: /home/suphasitpp/my_msc_ws/install/davinci_core_description/share/davinci_core_description/cmake/davinci_core_descriptionConfig.cmake
[17.935s] -- Symlinking: /home/suphasitpp/my_msc_ws/install/davinci_core_description/share/davinci_core_description/cmake/davinci_core_descriptionConfig-version.cmake
[18.018s] -- Symlinking: /home/suphasitpp/my_msc_ws/install/davinci_core_description/share/davinci_core_description/package.xml
[18.097s] Invoked command in '/home/suphasitpp/my_msc_ws/build/davinci_core_description' returned '0': CMAKE_PREFIX_PATH=${CMAKE_PREFIX_PATH}:/home/suphasitpp/my_msc_ws/install/lbr_demos_py:/home/suphasitpp/my_msc_ws/install/lbr_moveit:/home/suphasitpp/my_msc_ws/install/lbr_demos_advanced_py:/home/suphasitpp/my_msc_ws/install/da_vinci_tool_integration:/home/suphasitpp/da-vinci-tool-combined/install/lbr_demos_py:/home/suphasitpp/da-vinci-tool-combined/install/lbr_moveit:/home/suphasitpp/da-vinci-tool-combined/install/lbr_demos_advanced_py:/home/suphasitpp/da-vinci-tool-combined/install/da_vinvi_tool_robot_integration:/opt/ros/humble /usr/bin/cmake --install /home/suphasitpp/my_msc_ws/build/davinci_core_description
