[0.115s] Invoking command in '/home/suphasitpp/my_msc_ws/build/kdl_parser': CMAKE_PREFIX_PATH=${CMAKE_PREFIX_PATH}:/home/suphasitpp/my_msc_ws/install/lbr_demos_py:/home/suphasitpp/my_msc_ws/install/lbr_moveit:/home/suphasitpp/my_msc_ws/install/lbr_demos_advanced_py:/home/suphasitpp/my_msc_ws/install/da_vinci_tool_integration:/home/suphasitpp/da-vinci-tool-combined/install/lbr_demos_py:/home/suphasitpp/da-vinci-tool-combined/install/lbr_moveit:/home/suphasitpp/da-vinci-tool-combined/install/lbr_demos_advanced_py:/home/suphasitpp/da-vinci-tool-combined/install/da_vinvi_tool_robot_integration:/opt/ros/humble /usr/bin/cmake --build /home/suphasitpp/my_msc_ws/build/kdl_parser -- -j8 -l8
[0.352s] [100%] Built target kdl_parser
[0.638s] Invoked command in '/home/suphasitpp/my_msc_ws/build/kdl_parser' returned '0': CMAKE_PREFIX_PATH=${CMAKE_PREFIX_PATH}:/home/suphasitpp/my_msc_ws/install/lbr_demos_py:/home/suphasitpp/my_msc_ws/install/lbr_moveit:/home/suphasitpp/my_msc_ws/install/lbr_demos_advanced_py:/home/suphasitpp/my_msc_ws/install/da_vinci_tool_integration:/home/suphasitpp/da-vinci-tool-combined/install/lbr_demos_py:/home/suphasitpp/da-vinci-tool-combined/install/lbr_moveit:/home/suphasitpp/da-vinci-tool-combined/install/lbr_demos_advanced_py:/home/suphasitpp/da-vinci-tool-combined/install/da_vinvi_tool_robot_integration:/opt/ros/humble /usr/bin/cmake --build /home/suphasitpp/my_msc_ws/build/kdl_parser -- -j8 -l8
[0.656s] Invoking command in '/home/suphasitpp/my_msc_ws/build/kdl_parser': CMAKE_PREFIX_PATH=${CMAKE_PREFIX_PATH}:/home/suphasitpp/my_msc_ws/install/lbr_demos_py:/home/suphasitpp/my_msc_ws/install/lbr_moveit:/home/suphasitpp/my_msc_ws/install/lbr_demos_advanced_py:/home/suphasitpp/my_msc_ws/install/da_vinci_tool_integration:/home/suphasitpp/da-vinci-tool-combined/install/lbr_demos_py:/home/suphasitpp/da-vinci-tool-combined/install/lbr_moveit:/home/suphasitpp/da-vinci-tool-combined/install/lbr_demos_advanced_py:/home/suphasitpp/da-vinci-tool-combined/install/da_vinvi_tool_robot_integration:/opt/ros/humble /usr/bin/cmake --install /home/suphasitpp/my_msc_ws/build/kdl_parser
[0.676s] -- Install configuration: ""
[0.676s] -- Execute custom install script
[0.677s] -- Up-to-date symlink: /home/suphasitpp/my_msc_ws/install/kdl_parser/include/kdl_parser/kdl_parser/kdl_parser.hpp
[0.678s] -- Up-to-date symlink: /home/suphasitpp/my_msc_ws/install/kdl_parser/include/kdl_parser/kdl_parser/visibility_control.hpp
[0.678s] -- Up-to-date symlink: /home/suphasitpp/my_msc_ws/install/kdl_parser/share/ament_index/resource_index/package_run_dependencies/kdl_parser
[0.679s] -- Up-to-date symlink: /home/suphasitpp/my_msc_ws/install/kdl_parser/share/ament_index/resource_index/parent_prefix_path/kdl_parser
[0.679s] -- Up-to-date symlink: /home/suphasitpp/my_msc_ws/install/kdl_parser/share/kdl_parser/environment/ament_prefix_path.sh
[0.679s] -- Up-to-date symlink: /home/suphasitpp/my_msc_ws/install/kdl_parser/share/kdl_parser/environment/ament_prefix_path.dsv
[0.679s] -- Up-to-date symlink: /home/suphasitpp/my_msc_ws/install/kdl_parser/share/kdl_parser/environment/path.sh
[0.679s] -- Up-to-date symlink: /home/suphasitpp/my_msc_ws/install/kdl_parser/share/kdl_parser/environment/path.dsv
[0.682s] -- Up-to-date symlink: /home/suphasitpp/my_msc_ws/install/kdl_parser/share/kdl_parser/local_setup.bash
[0.683s] -- Up-to-date symlink: /home/suphasitpp/my_msc_ws/install/kdl_parser/share/kdl_parser/local_setup.sh
[0.685s] -- Up-to-date symlink: /home/suphasitpp/my_msc_ws/install/kdl_parser/share/kdl_parser/local_setup.zsh
[0.686s] -- Up-to-date symlink: /home/suphasitpp/my_msc_ws/install/kdl_parser/share/kdl_parser/local_setup.dsv
[0.687s] -- Symlinking: /home/suphasitpp/my_msc_ws/install/kdl_parser/share/kdl_parser/package.dsv
[0.733s] -- Up-to-date symlink: /home/suphasitpp/my_msc_ws/install/kdl_parser/share/ament_index/resource_index/packages/kdl_parser
[0.734s] -- Up-to-date symlink: /home/suphasitpp/my_msc_ws/install/kdl_parser/share/kdl_parser/cmake/ament_cmake_export_dependencies-extras.cmake
[0.734s] -- Up-to-date symlink: /home/suphasitpp/my_msc_ws/install/kdl_parser/share/kdl_parser/cmake/ament_cmake_export_targets-extras.cmake
[0.734s] -- Up-to-date symlink: /home/suphasitpp/my_msc_ws/install/kdl_parser/share/kdl_parser/cmake/kdl_parserConfig.cmake
[0.734s] -- Up-to-date symlink: /home/suphasitpp/my_msc_ws/install/kdl_parser/share/kdl_parser/cmake/kdl_parserConfig-version.cmake
[0.735s] -- Up-to-date symlink: /home/suphasitpp/my_msc_ws/install/kdl_parser/share/kdl_parser/package.xml
[0.735s] -- Up-to-date: /home/suphasitpp/my_msc_ws/install/kdl_parser/lib/libkdl_parser.so
[0.735s] -- Up-to-date: /home/suphasitpp/my_msc_ws/install/kdl_parser/share/kdl_parser/cmake/export_kdl_parserExport.cmake
[0.735s] -- Up-to-date: /home/suphasitpp/my_msc_ws/install/kdl_parser/share/kdl_parser/cmake/export_kdl_parserExport-noconfig.cmake
[0.759s] Invoked command in '/home/suphasitpp/my_msc_ws/build/kdl_parser' returned '0': CMAKE_PREFIX_PATH=${CMAKE_PREFIX_PATH}:/home/suphasitpp/my_msc_ws/install/lbr_demos_py:/home/suphasitpp/my_msc_ws/install/lbr_moveit:/home/suphasitpp/my_msc_ws/install/lbr_demos_advanced_py:/home/suphasitpp/my_msc_ws/install/da_vinci_tool_integration:/home/suphasitpp/da-vinci-tool-combined/install/lbr_demos_py:/home/suphasitpp/da-vinci-tool-combined/install/lbr_moveit:/home/suphasitpp/da-vinci-tool-combined/install/lbr_demos_advanced_py:/home/suphasitpp/da-vinci-tool-combined/install/da_vinvi_tool_robot_integration:/opt/ros/humble /usr/bin/cmake --install /home/suphasitpp/my_msc_ws/build/kdl_parser
