-- The C compiler identification is GNU 11.4.0
-- The CXX compiler identification is GNU 11.4.0
-- Detecting C compiler ABI info
-- Detecting C compiler ABI info - done
-- Check for working C compiler: /usr/bin/cc - skipped
-- Detecting C compile features
-- Detecting C compile features - done
-- Detecting CXX compiler ABI info
-- Detecting CXX compiler ABI info - done
-- Check for working CXX compiler: /usr/bin/c++ - skipped
-- Detecting CXX compile features
-- Detecting CXX compile features - done
-- Found ament_cmake: 1.3.11 (/opt/ros/humble/share/ament_cmake/cmake)
-- Found Python3: /usr/bin/python3 (found version "3.10.12") found components: Interpreter 
-- Override CMake install command with custom implementation using symlinks instead of copying resources
-- Found ecm_description: 1.0.0 (/home/suphasitpp/my_msc_ws/install/ecm_description/share/ecm_description/cmake)
-- Found mtm_description: 1.0.0 (/home/suphasitpp/my_msc_ws/install/mtm_description/share/mtm_description/cmake)
-- Found psm_description: 1.0.0 (/home/suphasitpp/my_msc_ws/install/psm_description/share/psm_description/cmake)
-- Found suj_description: 1.0.0 (/home/suphasitpp/my_msc_ws/install/suj_description/share/suj_description/cmake)
-- Found rclcpp: 16.0.12 (/opt/ros/humble/share/rclcpp/cmake)
-- Found rosidl_generator_c: 3.1.6 (/opt/ros/humble/share/rosidl_generator_c/cmake)
-- Found rosidl_adapter: 3.1.6 (/opt/ros/humble/share/rosidl_adapter/cmake)
-- Found rosidl_generator_cpp: 3.1.6 (/opt/ros/humble/share/rosidl_generator_cpp/cmake)
-- Using all available rosidl_typesupport_c: rosidl_typesupport_fastrtps_c;rosidl_typesupport_introspection_c
-- Using all available rosidl_typesupport_cpp: rosidl_typesupport_fastrtps_cpp;rosidl_typesupport_introspection_cpp
-- Found rmw_implementation_cmake: 6.1.2 (/opt/ros/humble/share/rmw_implementation_cmake/cmake)
-- Found rmw_fastrtps_cpp: 6.2.7 (/opt/ros/humble/share/rmw_fastrtps_cpp/cmake)
-- Found OpenSSL: /usr/lib/x86_64-linux-gnu/libcrypto.so (found version "3.0.2")  
-- Found FastRTPS: /opt/ros/humble/include  
-- Using RMW implementation 'rmw_fastrtps_cpp' as default
-- Looking for pthread.h
-- Looking for pthread.h - found
-- Performing Test CMAKE_HAVE_LIBC_PTHREAD
-- Performing Test CMAKE_HAVE_LIBC_PTHREAD - Success
-- Found Threads: TRUE  
-- Found trajectory_msgs: 4.8.0 (/opt/ros/humble/share/trajectory_msgs/cmake)
-- Found sensor_msgs: 4.8.0 (/opt/ros/humble/share/sensor_msgs/cmake)
-- Found controller_manager: 2.50.0 (/opt/ros/humble/share/controller_manager/cmake)
-- Found joint_state_broadcaster: 2.45.0 (/opt/ros/humble/share/joint_state_broadcaster/cmake)
-- Found position_controllers: 2.45.0 (/opt/ros/humble/share/position_controllers/cmake)
-- Found ros2_control: 2.50.0 (/opt/ros/humble/share/ros2_control/cmake)
-- Found ros2_controllers: 2.45.0 (/opt/ros/humble/share/ros2_controllers/cmake)
-- Found rosidl_default_generators: 1.2.0 (/opt/ros/humble/share/rosidl_default_generators/cmake)
-- Found ament_lint_auto: 0.12.12 (/opt/ros/humble/share/ament_lint_auto/cmake)
-- Added test 'cppcheck' to perform static code analysis on C / C++ code
-- Configured cppcheck include dirs: 
-- Configured cppcheck exclude dirs and/or files: 
-- Added test 'flake8' to check Python code syntax and style conventions
-- Added test 'lint_cmake' to check CMake code style
-- Added test 'pep257' to check Python code against some of the docstring style conventions in PEP 257
-- Added test 'uncrustify' to check C / C++ code style
-- Configured uncrustify additional arguments: 
-- Added test 'xmllint' to check XML markup files
-- Configuring done
-- Generating done
-- Build files have been written to: /home/suphasitpp/my_msc_ws/build/patient_cart_description
[ 50%] [32mBuilding CXX object CMakeFiles/patient_cart_joint_controller.dir/src/patient_cart_joint_controller.cpp.o[0m
[100%] [32m[1mLinking CXX executable patient_cart_joint_controller[0m
[100%] Built target patient_cart_joint_controller
-- Install configuration: ""
-- Execute custom install script
-- Symlinking: /home/suphasitpp/my_msc_ws/install/patient_cart_description/share/patient_cart_description/config/patient_cart.classic.controllers.yaml
-- Symlinking: /home/suphasitpp/my_msc_ws/install/patient_cart_description/share/patient_cart_description/config/patient_cart.si.controllers.yaml
-- Symlinking: /home/suphasitpp/my_msc_ws/install/patient_cart_description/share/patient_cart_description/launch/README.md
-- Symlinking: /home/suphasitpp/my_msc_ws/install/patient_cart_description/share/patient_cart_description/launch/patient_cart_classic_bringup.launch.py
-- Symlinking: /home/suphasitpp/my_msc_ws/install/patient_cart_description/share/patient_cart_description/launch/patient_cart_si_bringup.launch.py
-- Symlinking: /home/suphasitpp/my_msc_ws/install/patient_cart_description/share/patient_cart_description/launch/view_robot.launch.py
-- Symlinking: /home/suphasitpp/my_msc_ws/install/patient_cart_description/share/patient_cart_description/rviz/patient_cart_description.rviz
-- Symlinking: /home/suphasitpp/my_msc_ws/install/patient_cart_description/share/patient_cart_description/urdf/README.md
-- Symlinking: /home/suphasitpp/my_msc_ws/install/patient_cart_description/share/patient_cart_description/urdf/patient_cart.classic.urdf.xacro
-- Symlinking: /home/suphasitpp/my_msc_ws/install/patient_cart_description/share/patient_cart_description/urdf/patient_cart.si.urdf.xacro
-- Symlinking: /home/suphasitpp/my_msc_ws/install/patient_cart_description/lib/patient_cart_description/patient_cart_joint_controller
-- Symlinking: /home/suphasitpp/my_msc_ws/install/patient_cart_description/share/ament_index/resource_index/package_run_dependencies/patient_cart_description
-- Symlinking: /home/suphasitpp/my_msc_ws/install/patient_cart_description/share/ament_index/resource_index/parent_prefix_path/patient_cart_description
-- Symlinking: /home/suphasitpp/my_msc_ws/install/patient_cart_description/share/patient_cart_description/environment/ament_prefix_path.sh
-- Symlinking: /home/suphasitpp/my_msc_ws/install/patient_cart_description/share/patient_cart_description/environment/ament_prefix_path.dsv
-- Symlinking: /home/suphasitpp/my_msc_ws/install/patient_cart_description/share/patient_cart_description/environment/path.sh
-- Symlinking: /home/suphasitpp/my_msc_ws/install/patient_cart_description/share/patient_cart_description/environment/path.dsv
-- Symlinking: /home/suphasitpp/my_msc_ws/install/patient_cart_description/share/patient_cart_description/local_setup.bash
-- Symlinking: /home/suphasitpp/my_msc_ws/install/patient_cart_description/share/patient_cart_description/local_setup.sh
-- Symlinking: /home/suphasitpp/my_msc_ws/install/patient_cart_description/share/patient_cart_description/local_setup.zsh
-- Symlinking: /home/suphasitpp/my_msc_ws/install/patient_cart_description/share/patient_cart_description/local_setup.dsv
-- Symlinking: /home/suphasitpp/my_msc_ws/install/patient_cart_description/share/patient_cart_description/package.dsv
-- Symlinking: /home/suphasitpp/my_msc_ws/install/patient_cart_description/share/ament_index/resource_index/packages/patient_cart_description
-- Symlinking: /home/suphasitpp/my_msc_ws/install/patient_cart_description/share/patient_cart_description/cmake/patient_cart_descriptionConfig.cmake
-- Symlinking: /home/suphasitpp/my_msc_ws/install/patient_cart_description/share/patient_cart_description/cmake/patient_cart_descriptionConfig-version.cmake
-- Symlinking: /home/suphasitpp/my_msc_ws/install/patient_cart_description/share/patient_cart_description/package.xml
