[0.079s] Invoking command in '/home/suphasitpp/my_msc_ws/build/kdl_parser': CMAKE_PREFIX_PATH=${CMAKE_PREFIX_PATH}:/home/suphasitpp/my_msc_ws/install/lbr_demos_py:/home/suphasitpp/my_msc_ws/install/lbr_moveit:/home/suphasitpp/my_msc_ws/install/lbr_demos_advanced_py:/home/suphasitpp/my_msc_ws/install/da_vinci_tool_integration:/home/suphasitpp/da-vinci-tool-combined/install/lbr_demos_py:/home/suphasitpp/da-vinci-tool-combined/install/lbr_moveit:/home/suphasitpp/da-vinci-tool-combined/install/lbr_demos_advanced_py:/home/suphasitpp/da-vinci-tool-combined/install/da_vinvi_tool_robot_integration:/opt/ros/humble /usr/bin/cmake --build /home/suphasitpp/my_msc_ws/build/kdl_parser -- -j8 -l8
[0.514s] [35m[1mConsolidate compiler generated dependencies of target kdl_parser[0m
[0.514s] [100%] Built target kdl_parser
[0.534s] Invoked command in '/home/suphasitpp/my_msc_ws/build/kdl_parser' returned '0': CMAKE_PREFIX_PATH=${CMAKE_PREFIX_PATH}:/home/suphasitpp/my_msc_ws/install/lbr_demos_py:/home/suphasitpp/my_msc_ws/install/lbr_moveit:/home/suphasitpp/my_msc_ws/install/lbr_demos_advanced_py:/home/suphasitpp/my_msc_ws/install/da_vinci_tool_integration:/home/suphasitpp/da-vinci-tool-combined/install/lbr_demos_py:/home/suphasitpp/da-vinci-tool-combined/install/lbr_moveit:/home/suphasitpp/da-vinci-tool-combined/install/lbr_demos_advanced_py:/home/suphasitpp/da-vinci-tool-combined/install/da_vinvi_tool_robot_integration:/opt/ros/humble /usr/bin/cmake --build /home/suphasitpp/my_msc_ws/build/kdl_parser -- -j8 -l8
[0.536s] Invoking command in '/home/suphasitpp/my_msc_ws/build/kdl_parser': CMAKE_PREFIX_PATH=${CMAKE_PREFIX_PATH}:/home/suphasitpp/my_msc_ws/install/lbr_demos_py:/home/suphasitpp/my_msc_ws/install/lbr_moveit:/home/suphasitpp/my_msc_ws/install/lbr_demos_advanced_py:/home/suphasitpp/my_msc_ws/install/da_vinci_tool_integration:/home/suphasitpp/da-vinci-tool-combined/install/lbr_demos_py:/home/suphasitpp/da-vinci-tool-combined/install/lbr_moveit:/home/suphasitpp/da-vinci-tool-combined/install/lbr_demos_advanced_py:/home/suphasitpp/da-vinci-tool-combined/install/da_vinvi_tool_robot_integration:/opt/ros/humble /usr/bin/cmake --install /home/suphasitpp/my_msc_ws/build/kdl_parser
[0.576s] -- Install configuration: ""
[0.576s] -- Execute custom install script
[0.576s] -- Up-to-date symlink: /home/suphasitpp/my_msc_ws/install/kdl_parser/include/kdl_parser/kdl_parser/kdl_parser.hpp
[0.577s] -- Up-to-date symlink: /home/suphasitpp/my_msc_ws/install/kdl_parser/include/kdl_parser/kdl_parser/visibility_control.hpp
[0.577s] -- Up-to-date symlink: /home/suphasitpp/my_msc_ws/install/kdl_parser/share/ament_index/resource_index/package_run_dependencies/kdl_parser
[0.577s] -- Up-to-date symlink: /home/suphasitpp/my_msc_ws/install/kdl_parser/share/ament_index/resource_index/parent_prefix_path/kdl_parser
[0.577s] -- Up-to-date symlink: /home/suphasitpp/my_msc_ws/install/kdl_parser/share/kdl_parser/environment/ament_prefix_path.sh
[0.577s] -- Up-to-date symlink: /home/suphasitpp/my_msc_ws/install/kdl_parser/share/kdl_parser/environment/ament_prefix_path.dsv
[0.577s] -- Up-to-date symlink: /home/suphasitpp/my_msc_ws/install/kdl_parser/share/kdl_parser/environment/path.sh
[0.577s] -- Up-to-date symlink: /home/suphasitpp/my_msc_ws/install/kdl_parser/share/kdl_parser/environment/path.dsv
[0.577s] -- Up-to-date symlink: /home/suphasitpp/my_msc_ws/install/kdl_parser/share/kdl_parser/local_setup.bash
[0.577s] -- Up-to-date symlink: /home/suphasitpp/my_msc_ws/install/kdl_parser/share/kdl_parser/local_setup.sh
[0.577s] -- Up-to-date symlink: /home/suphasitpp/my_msc_ws/install/kdl_parser/share/kdl_parser/local_setup.zsh
[0.579s] -- Up-to-date symlink: /home/suphasitpp/my_msc_ws/install/kdl_parser/share/kdl_parser/local_setup.dsv
[0.579s] -- Symlinking: /home/suphasitpp/my_msc_ws/install/kdl_parser/share/kdl_parser/package.dsv
[0.616s] -- Up-to-date symlink: /home/suphasitpp/my_msc_ws/install/kdl_parser/share/ament_index/resource_index/packages/kdl_parser
[0.617s] -- Up-to-date symlink: /home/suphasitpp/my_msc_ws/install/kdl_parser/share/kdl_parser/cmake/ament_cmake_export_dependencies-extras.cmake
[0.617s] -- Up-to-date symlink: /home/suphasitpp/my_msc_ws/install/kdl_parser/share/kdl_parser/cmake/ament_cmake_export_targets-extras.cmake
[0.618s] -- Up-to-date symlink: /home/suphasitpp/my_msc_ws/install/kdl_parser/share/kdl_parser/cmake/kdl_parserConfig.cmake
[0.618s] -- Up-to-date symlink: /home/suphasitpp/my_msc_ws/install/kdl_parser/share/kdl_parser/cmake/kdl_parserConfig-version.cmake
[0.619s] -- Up-to-date symlink: /home/suphasitpp/my_msc_ws/install/kdl_parser/share/kdl_parser/package.xml
[0.620s] -- Up-to-date: /home/suphasitpp/my_msc_ws/install/kdl_parser/lib/libkdl_parser.so
[0.621s] -- Up-to-date: /home/suphasitpp/my_msc_ws/install/kdl_parser/share/kdl_parser/cmake/export_kdl_parserExport.cmake
[0.621s] -- Up-to-date: /home/suphasitpp/my_msc_ws/install/kdl_parser/share/kdl_parser/cmake/export_kdl_parserExport-noconfig.cmake
[0.628s] Invoked command in '/home/suphasitpp/my_msc_ws/build/kdl_parser' returned '0': CMAKE_PREFIX_PATH=${CMAKE_PREFIX_PATH}:/home/suphasitpp/my_msc_ws/install/lbr_demos_py:/home/suphasitpp/my_msc_ws/install/lbr_moveit:/home/suphasitpp/my_msc_ws/install/lbr_demos_advanced_py:/home/suphasitpp/my_msc_ws/install/da_vinci_tool_integration:/home/suphasitpp/da-vinci-tool-combined/install/lbr_demos_py:/home/suphasitpp/da-vinci-tool-combined/install/lbr_moveit:/home/suphasitpp/da-vinci-tool-combined/install/lbr_demos_advanced_py:/home/suphasitpp/da-vinci-tool-combined/install/da_vinvi_tool_robot_integration:/opt/ros/humble /usr/bin/cmake --install /home/suphasitpp/my_msc_ws/build/kdl_parser
