-- Install configuration: ""
-- Execute custom install script
-- Up-to-date symlink: /home/suphasitpp/my_msc_ws/install/moveit_config_attached/share/ament_index/resource_index/package_run_dependencies/moveit_config_attached
-- Up-to-date symlink: /home/suphasitpp/my_msc_ws/install/moveit_config_attached/share/ament_index/resource_index/parent_prefix_path/moveit_config_attached
-- Up-to-date symlink: /home/suphasitpp/my_msc_ws/install/moveit_config_attached/share/moveit_config_attached/environment/ament_prefix_path.sh
-- Up-to-date symlink: /home/suphasitpp/my_msc_ws/install/moveit_config_attached/share/moveit_config_attached/environment/ament_prefix_path.dsv
-- Up-to-date symlink: /home/suphasitpp/my_msc_ws/install/moveit_config_attached/share/moveit_config_attached/environment/path.sh
-- Up-to-date symlink: /home/suphasitpp/my_msc_ws/install/moveit_config_attached/share/moveit_config_attached/environment/path.dsv
-- Up-to-date symlink: /home/suphasitpp/my_msc_ws/install/moveit_config_attached/share/moveit_config_attached/local_setup.bash
-- Up-to-date symlink: /home/suphasitpp/my_msc_ws/install/moveit_config_attached/share/moveit_config_attached/local_setup.sh
-- Up-to-date symlink: /home/suphasitpp/my_msc_ws/install/moveit_config_attached/share/moveit_config_attached/local_setup.zsh
-- Up-to-date symlink: /home/suphasitpp/my_msc_ws/install/moveit_config_attached/share/moveit_config_attached/local_setup.dsv
-- Symlinking: /home/suphasitpp/my_msc_ws/install/moveit_config_attached/share/moveit_config_attached/package.dsv
-- Up-to-date symlink: /home/suphasitpp/my_msc_ws/install/moveit_config_attached/share/ament_index/resource_index/packages/moveit_config_attached
-- Up-to-date symlink: /home/suphasitpp/my_msc_ws/install/moveit_config_attached/share/moveit_config_attached/cmake/moveit_config_attachedConfig.cmake
-- Up-to-date symlink: /home/suphasitpp/my_msc_ws/install/moveit_config_attached/share/moveit_config_attached/cmake/moveit_config_attachedConfig-version.cmake
-- Up-to-date symlink: /home/suphasitpp/my_msc_ws/install/moveit_config_attached/share/moveit_config_attached/package.xml
-- Up-to-date symlink: /home/suphasitpp/my_msc_ws/install/moveit_config_attached/share/moveit_config_attached/launch/demo.launch.py
-- Up-to-date symlink: /home/suphasitpp/my_msc_ws/install/moveit_config_attached/share/moveit_config_attached/launch/move_group.launch.py
-- Up-to-date symlink: /home/suphasitpp/my_msc_ws/install/moveit_config_attached/share/moveit_config_attached/launch/moveit_rviz.launch.py
-- Up-to-date symlink: /home/suphasitpp/my_msc_ws/install/moveit_config_attached/share/moveit_config_attached/launch/rsp.launch.py
-- Up-to-date symlink: /home/suphasitpp/my_msc_ws/install/moveit_config_attached/share/moveit_config_attached/launch/setup_assistant.launch.py
-- Up-to-date symlink: /home/suphasitpp/my_msc_ws/install/moveit_config_attached/share/moveit_config_attached/launch/spawn_controllers.launch.py
-- Up-to-date symlink: /home/suphasitpp/my_msc_ws/install/moveit_config_attached/share/moveit_config_attached/launch/static_virtual_joint_tfs.launch.py
-- Up-to-date symlink: /home/suphasitpp/my_msc_ws/install/moveit_config_attached/share/moveit_config_attached/launch/warehouse_db.launch.py
-- Up-to-date symlink: /home/suphasitpp/my_msc_ws/install/moveit_config_attached/share/moveit_config_attached/config/initial_positions.yaml
-- Up-to-date symlink: /home/suphasitpp/my_msc_ws/install/moveit_config_attached/share/moveit_config_attached/config/joint_limits.yaml
-- Up-to-date symlink: /home/suphasitpp/my_msc_ws/install/moveit_config_attached/share/moveit_config_attached/config/kinematics.yaml
-- Up-to-date symlink: /home/suphasitpp/my_msc_ws/install/moveit_config_attached/share/moveit_config_attached/config/med7attached.ros2_control.xacro
-- Up-to-date symlink: /home/suphasitpp/my_msc_ws/install/moveit_config_attached/share/moveit_config_attached/config/med7attached.srdf
-- Up-to-date symlink: /home/suphasitpp/my_msc_ws/install/moveit_config_attached/share/moveit_config_attached/config/med7attached.urdf.xacro
-- Up-to-date symlink: /home/suphasitpp/my_msc_ws/install/moveit_config_attached/share/moveit_config_attached/config/moveit.rviz
-- Up-to-date symlink: /home/suphasitpp/my_msc_ws/install/moveit_config_attached/share/moveit_config_attached/config/moveit_controllers.yaml
-- Up-to-date symlink: /home/suphasitpp/my_msc_ws/install/moveit_config_attached/share/moveit_config_attached/config/pilz_cartesian_limits.yaml
-- Up-to-date symlink: /home/suphasitpp/my_msc_ws/install/moveit_config_attached/share/moveit_config_attached/config/sensors_3d.yaml
-- Up-to-date symlink: /home/suphasitpp/my_msc_ws/install/moveit_config_attached/share/moveit_config_attached/.setup_assistant
