[0.633s] Invoking command in '/home/suphasitpp/my_msc_ws/build/lbr_moveit_cpp': CMAKE_PREFIX_PATH=${CMAKE_PREFIX_PATH}:/home/suphasitpp/my_msc_ws/install/lbr_demos_py:/home/suphasitpp/my_msc_ws/install/lbr_moveit:/home/suphasitpp/my_msc_ws/install/lbr_demos_advanced_py:/home/suphasitpp/my_msc_ws/install/da_vinci_tool_integration:/home/suphasitpp/da-vinci-tool-combined/install/lbr_demos_py:/home/suphasitpp/da-vinci-tool-combined/install/lbr_moveit:/home/suphasitpp/da-vinci-tool-combined/install/lbr_demos_advanced_py:/home/suphasitpp/da-vinci-tool-combined/install/da_vinvi_tool_robot_integration:/opt/ros/humble /usr/bin/cmake --build /home/suphasitpp/my_msc_ws/build/lbr_moveit_cpp -- -j8 -l8
[0.833s] [100%] Built target hello_moveit
[1.161s] Invoked command in '/home/suphasitpp/my_msc_ws/build/lbr_moveit_cpp' returned '0': CMAKE_PREFIX_PATH=${CMAKE_PREFIX_PATH}:/home/suphasitpp/my_msc_ws/install/lbr_demos_py:/home/suphasitpp/my_msc_ws/install/lbr_moveit:/home/suphasitpp/my_msc_ws/install/lbr_demos_advanced_py:/home/suphasitpp/my_msc_ws/install/da_vinci_tool_integration:/home/suphasitpp/da-vinci-tool-combined/install/lbr_demos_py:/home/suphasitpp/da-vinci-tool-combined/install/lbr_moveit:/home/suphasitpp/da-vinci-tool-combined/install/lbr_demos_advanced_py:/home/suphasitpp/da-vinci-tool-combined/install/da_vinvi_tool_robot_integration:/opt/ros/humble /usr/bin/cmake --build /home/suphasitpp/my_msc_ws/build/lbr_moveit_cpp -- -j8 -l8
[1.162s] Invoking command in '/home/suphasitpp/my_msc_ws/build/lbr_moveit_cpp': CMAKE_PREFIX_PATH=${CMAKE_PREFIX_PATH}:/home/suphasitpp/my_msc_ws/install/lbr_demos_py:/home/suphasitpp/my_msc_ws/install/lbr_moveit:/home/suphasitpp/my_msc_ws/install/lbr_demos_advanced_py:/home/suphasitpp/my_msc_ws/install/da_vinci_tool_integration:/home/suphasitpp/da-vinci-tool-combined/install/lbr_demos_py:/home/suphasitpp/da-vinci-tool-combined/install/lbr_moveit:/home/suphasitpp/da-vinci-tool-combined/install/lbr_demos_advanced_py:/home/suphasitpp/da-vinci-tool-combined/install/da_vinvi_tool_robot_integration:/opt/ros/humble /usr/bin/cmake --install /home/suphasitpp/my_msc_ws/build/lbr_moveit_cpp
[1.217s] -- Install configuration: "Release"
[1.217s] -- Execute custom install script
[1.217s] -- Up-to-date symlink: /home/suphasitpp/my_msc_ws/install/lbr_moveit_cpp/share/lbr_moveit_cpp/launch/hello_moveit.launch.py
[1.218s] -- Up-to-date symlink: /home/suphasitpp/my_msc_ws/install/lbr_moveit_cpp/lib/lbr_moveit_cpp/hello_moveit
[1.218s] -- Up-to-date symlink: /home/suphasitpp/my_msc_ws/install/lbr_moveit_cpp/share/ament_index/resource_index/package_run_dependencies/lbr_moveit_cpp
[1.218s] -- Up-to-date symlink: /home/suphasitpp/my_msc_ws/install/lbr_moveit_cpp/share/ament_index/resource_index/parent_prefix_path/lbr_moveit_cpp
[1.219s] -- Up-to-date symlink: /home/suphasitpp/my_msc_ws/install/lbr_moveit_cpp/share/lbr_moveit_cpp/environment/ament_prefix_path.sh
[1.219s] -- Up-to-date symlink: /home/suphasitpp/my_msc_ws/install/lbr_moveit_cpp/share/lbr_moveit_cpp/environment/ament_prefix_path.dsv
[1.219s] -- Up-to-date symlink: /home/suphasitpp/my_msc_ws/install/lbr_moveit_cpp/share/lbr_moveit_cpp/environment/path.sh
[1.219s] -- Up-to-date symlink: /home/suphasitpp/my_msc_ws/install/lbr_moveit_cpp/share/lbr_moveit_cpp/environment/path.dsv
[1.219s] -- Up-to-date symlink: /home/suphasitpp/my_msc_ws/install/lbr_moveit_cpp/share/lbr_moveit_cpp/local_setup.bash
[1.220s] -- Up-to-date symlink: /home/suphasitpp/my_msc_ws/install/lbr_moveit_cpp/share/lbr_moveit_cpp/local_setup.sh
[1.220s] -- Up-to-date symlink: /home/suphasitpp/my_msc_ws/install/lbr_moveit_cpp/share/lbr_moveit_cpp/local_setup.zsh
[1.221s] -- Up-to-date symlink: /home/suphasitpp/my_msc_ws/install/lbr_moveit_cpp/share/lbr_moveit_cpp/local_setup.dsv
[1.221s] -- Symlinking: /home/suphasitpp/my_msc_ws/install/lbr_moveit_cpp/share/lbr_moveit_cpp/package.dsv
[1.294s] -- Up-to-date symlink: /home/suphasitpp/my_msc_ws/install/lbr_moveit_cpp/share/ament_index/resource_index/packages/lbr_moveit_cpp
[1.296s] -- Up-to-date symlink: /home/suphasitpp/my_msc_ws/install/lbr_moveit_cpp/share/lbr_moveit_cpp/cmake/lbr_moveit_cppConfig.cmake
[1.296s] -- Up-to-date symlink: /home/suphasitpp/my_msc_ws/install/lbr_moveit_cpp/share/lbr_moveit_cpp/cmake/lbr_moveit_cppConfig-version.cmake
[1.296s] -- Up-to-date symlink: /home/suphasitpp/my_msc_ws/install/lbr_moveit_cpp/share/lbr_moveit_cpp/package.xml
[1.391s] Invoked command in '/home/suphasitpp/my_msc_ws/build/lbr_moveit_cpp' returned '0': CMAKE_PREFIX_PATH=${CMAKE_PREFIX_PATH}:/home/suphasitpp/my_msc_ws/install/lbr_demos_py:/home/suphasitpp/my_msc_ws/install/lbr_moveit:/home/suphasitpp/my_msc_ws/install/lbr_demos_advanced_py:/home/suphasitpp/my_msc_ws/install/da_vinci_tool_integration:/home/suphasitpp/da-vinci-tool-combined/install/lbr_demos_py:/home/suphasitpp/da-vinci-tool-combined/install/lbr_moveit:/home/suphasitpp/da-vinci-tool-combined/install/lbr_demos_advanced_py:/home/suphasitpp/da-vinci-tool-combined/install/da_vinvi_tool_robot_integration:/opt/ros/humble /usr/bin/cmake --install /home/suphasitpp/my_msc_ws/build/lbr_moveit_cpp
