[0.065s] Invoking command in '/home/suphasitpp/my_msc_ws/build/psm_description': CMAKE_PREFIX_PATH=${CMAKE_PREFIX_PATH}:/home/suphasitpp/my_msc_ws/install/lbr_demos_py:/home/suphasitpp/my_msc_ws/install/lbr_moveit:/home/suphasitpp/my_msc_ws/install/lbr_demos_advanced_py:/home/suphasitpp/my_msc_ws/install/da_vinci_tool_integration:/home/suphasitpp/da-vinci-tool-combined/install/lbr_demos_py:/home/suphasitpp/da-vinci-tool-combined/install/lbr_moveit:/home/suphasitpp/da-vinci-tool-combined/install/lbr_demos_advanced_py:/home/suphasitpp/da-vinci-tool-combined/install/da_vinvi_tool_robot_integration:/opt/ros/humble /usr/bin/cmake --build /home/suphasitpp/my_msc_ws/build/psm_description -- -j8 -l8
[0.488s] [35m[1mConsolidate compiler generated dependencies of target psm_joint_controller[0m
[0.489s] [100%] Built target psm_joint_controller
[0.529s] Invoked command in '/home/suphasitpp/my_msc_ws/build/psm_description' returned '0': CMAKE_PREFIX_PATH=${CMAKE_PREFIX_PATH}:/home/suphasitpp/my_msc_ws/install/lbr_demos_py:/home/suphasitpp/my_msc_ws/install/lbr_moveit:/home/suphasitpp/my_msc_ws/install/lbr_demos_advanced_py:/home/suphasitpp/my_msc_ws/install/da_vinci_tool_integration:/home/suphasitpp/da-vinci-tool-combined/install/lbr_demos_py:/home/suphasitpp/da-vinci-tool-combined/install/lbr_moveit:/home/suphasitpp/da-vinci-tool-combined/install/lbr_demos_advanced_py:/home/suphasitpp/da-vinci-tool-combined/install/da_vinvi_tool_robot_integration:/opt/ros/humble /usr/bin/cmake --build /home/suphasitpp/my_msc_ws/build/psm_description -- -j8 -l8
[0.537s] Invoking command in '/home/suphasitpp/my_msc_ws/build/psm_description': CMAKE_PREFIX_PATH=${CMAKE_PREFIX_PATH}:/home/suphasitpp/my_msc_ws/install/lbr_demos_py:/home/suphasitpp/my_msc_ws/install/lbr_moveit:/home/suphasitpp/my_msc_ws/install/lbr_demos_advanced_py:/home/suphasitpp/my_msc_ws/install/da_vinci_tool_integration:/home/suphasitpp/da-vinci-tool-combined/install/lbr_demos_py:/home/suphasitpp/da-vinci-tool-combined/install/lbr_moveit:/home/suphasitpp/da-vinci-tool-combined/install/lbr_demos_advanced_py:/home/suphasitpp/da-vinci-tool-combined/install/da_vinvi_tool_robot_integration:/opt/ros/humble /usr/bin/cmake --install /home/suphasitpp/my_msc_ws/build/psm_description
[0.583s] -- Install configuration: ""
[0.583s] -- Execute custom install script
[0.583s] -- Up-to-date symlink: /home/suphasitpp/my_msc_ws/install/psm_description/share/psm_description/launch/README.md
[0.583s] -- Up-to-date symlink: /home/suphasitpp/my_msc_ws/install/psm_description/share/psm_description/launch/psm_bringup.launch.py
[0.583s] -- Up-to-date symlink: /home/suphasitpp/my_msc_ws/install/psm_description/share/psm_description/launch/view_robot.launch.py
[0.583s] -- Up-to-date symlink: /home/suphasitpp/my_msc_ws/install/psm_description/share/psm_description/meshes/Classic/knife.stl
[0.583s] -- Up-to-date symlink: /home/suphasitpp/my_msc_ws/install/psm_description/share/psm_description/meshes/Classic/outer_insertion.dae
[0.583s] -- Up-to-date symlink: /home/suphasitpp/my_msc_ws/install/psm_description/share/psm_description/meshes/Classic/outer_insertion.stl
[0.584s] -- Up-to-date symlink: /home/suphasitpp/my_msc_ws/install/psm_description/share/psm_description/meshes/Classic/outer_pitch_back.dae
[0.584s] -- Up-to-date symlink: /home/suphasitpp/my_msc_ws/install/psm_description/share/psm_description/meshes/Classic/outer_pitch_back.stl
[0.584s] -- Up-to-date symlink: /home/suphasitpp/my_msc_ws/install/psm_description/share/psm_description/meshes/Classic/outer_pitch_bottom.dae
[0.584s] -- Up-to-date symlink: /home/suphasitpp/my_msc_ws/install/psm_description/share/psm_description/meshes/Classic/outer_pitch_bottom.stl
[0.584s] -- Up-to-date symlink: /home/suphasitpp/my_msc_ws/install/psm_description/share/psm_description/meshes/Classic/outer_pitch_front.dae
[0.584s] -- Up-to-date symlink: /home/suphasitpp/my_msc_ws/install/psm_description/share/psm_description/meshes/Classic/outer_pitch_front.stl
[0.584s] -- Up-to-date symlink: /home/suphasitpp/my_msc_ws/install/psm_description/share/psm_description/meshes/Classic/outer_pitch_top.dae
[0.584s] -- Up-to-date symlink: /home/suphasitpp/my_msc_ws/install/psm_description/share/psm_description/meshes/Classic/outer_pitch_top.stl
[0.584s] -- Up-to-date symlink: /home/suphasitpp/my_msc_ws/install/psm_description/share/psm_description/meshes/Classic/outer_yaw.dae
[0.584s] -- Up-to-date symlink: /home/suphasitpp/my_msc_ws/install/psm_description/share/psm_description/meshes/Classic/outer_yaw.stl
[0.585s] -- Up-to-date symlink: /home/suphasitpp/my_msc_ws/install/psm_description/share/psm_description/meshes/Classic/psm_base.dae
[0.585s] -- Up-to-date symlink: /home/suphasitpp/my_msc_ws/install/psm_description/share/psm_description/meshes/Classic/psm_base.stl
[0.585s] -- Up-to-date symlink: /home/suphasitpp/my_msc_ws/install/psm_description/share/psm_description/meshes/Classic/tool_adapter.dae
[0.585s] -- Up-to-date symlink: /home/suphasitpp/my_msc_ws/install/psm_description/share/psm_description/meshes/Classic/tool_adapter.stl
[0.585s] -- Up-to-date symlink: /home/suphasitpp/my_msc_ws/install/psm_description/share/psm_description/meshes/Classic/tool_main.dae
[0.585s] -- Up-to-date symlink: /home/suphasitpp/my_msc_ws/install/psm_description/share/psm_description/meshes/Classic/tool_main.stl
[0.585s] -- Up-to-date symlink: /home/suphasitpp/my_msc_ws/install/psm_description/share/psm_description/meshes/Classic/tool_wrist_caudier_link_1.stl
[0.585s] -- Up-to-date symlink: /home/suphasitpp/my_msc_ws/install/psm_description/share/psm_description/meshes/Classic/tool_wrist_caudier_link_1_shaft.stl
[0.587s] -- Up-to-date symlink: /home/suphasitpp/my_msc_ws/install/psm_description/share/psm_description/meshes/Classic/tool_wrist_caudier_link_2.stl
[0.588s] -- Up-to-date symlink: /home/suphasitpp/my_msc_ws/install/psm_description/share/psm_description/meshes/Classic/tool_wrist_link.dae
[0.588s] -- Up-to-date symlink: /home/suphasitpp/my_msc_ws/install/psm_description/share/psm_description/meshes/Classic/tool_wrist_link.stl
[0.589s] -- Up-to-date symlink: /home/suphasitpp/my_msc_ws/install/psm_description/share/psm_description/meshes/Classic/tool_wrist_sca_link.dae
[0.589s] -- Up-to-date symlink: /home/suphasitpp/my_msc_ws/install/psm_description/share/psm_description/meshes/Classic/tool_wrist_sca_link.stl
[0.589s] -- Up-to-date symlink: /home/suphasitpp/my_msc_ws/install/psm_description/share/psm_description/meshes/Classic/tool_wrist_sca_link_2.dae
[0.590s] -- Up-to-date symlink: /home/suphasitpp/my_msc_ws/install/psm_description/share/psm_description/meshes/Classic/tool_wrist_sca_link_2.stl
[0.590s] -- Up-to-date symlink: /home/suphasitpp/my_msc_ws/install/psm_description/share/psm_description/meshes/Classic/tool_wrist_sca_shaft_link.dae
[0.590s] -- Up-to-date symlink: /home/suphasitpp/my_msc_ws/install/psm_description/share/psm_description/meshes/Classic/tool_wrist_sca_shaft_link.stl
[0.591s] -- Up-to-date symlink: /home/suphasitpp/my_msc_ws/install/psm_description/share/psm_description/meshes/Classic/tool_wrist_shaft_link.dae
[0.592s] -- Up-to-date symlink: /home/suphasitpp/my_msc_ws/install/psm_description/share/psm_description/meshes/Classic/tool_wrist_shaft_link.stl
[0.592s] -- Up-to-date symlink: /home/suphasitpp/my_msc_ws/install/psm_description/share/psm_description/meshes/P420006/tool_main_link.stl
[0.592s] -- Up-to-date symlink: /home/suphasitpp/my_msc_ws/install/psm_description/share/psm_description/meshes/P420006/tool_wrist_link.stl
[0.592s] -- Up-to-date symlink: /home/suphasitpp/my_msc_ws/install/psm_description/share/psm_description/meshes/P420006/tool_wrist_sca_ee_link_1.stl
[0.592s] -- Up-to-date symlink: /home/suphasitpp/my_msc_ws/install/psm_description/share/psm_description/meshes/P420006/tool_wrist_sca_ee_link_2.stl
[0.592s] -- Up-to-date symlink: /home/suphasitpp/my_msc_ws/install/psm_description/share/psm_description/meshes/P420006/tool_wrist_sca_link.stl
[0.592s] -- Up-to-date symlink: /home/suphasitpp/my_msc_ws/install/psm_description/share/psm_description/meshes/P420006/tool_wrist_sca_shaft_link.stl
[0.593s] -- Up-to-date symlink: /home/suphasitpp/my_msc_ws/install/psm_description/share/psm_description/meshes/P420006/tool_wrist_scal_link.stl
[0.593s] -- Up-to-date symlink: /home/suphasitpp/my_msc_ws/install/psm_description/share/psm_description/meshes/P420006/tool_wrist_shaft_link.stl
[0.593s] -- Up-to-date symlink: /home/suphasitpp/my_msc_ws/install/psm_description/share/psm_description/meshes/SF826001/tool_main_link.stl
[0.593s] -- Up-to-date symlink: /home/suphasitpp/my_msc_ws/install/psm_description/share/psm_description/meshes/SF826001/tool_roll_link.stl
[0.594s] -- Up-to-date symlink: /home/suphasitpp/my_msc_ws/install/psm_description/share/psm_description/meshes/Si/link_0.stl
[0.600s] -- Up-to-date symlink: /home/suphasitpp/my_msc_ws/install/psm_description/share/psm_description/meshes/Si/link_1.stl
[0.601s] -- Up-to-date symlink: /home/suphasitpp/my_msc_ws/install/psm_description/share/psm_description/meshes/Si/link_2.stl
[0.602s] -- Up-to-date symlink: /home/suphasitpp/my_msc_ws/install/psm_description/share/psm_description/meshes/Si/link_3.stl
[0.602s] -- Up-to-date symlink: /home/suphasitpp/my_msc_ws/install/psm_description/share/psm_description/meshes/Si/link_4.stl
[0.602s] -- Up-to-date symlink: /home/suphasitpp/my_msc_ws/install/psm_description/share/psm_description/meshes/snake_tool/gripper_2.stl
[0.602s] -- Up-to-date symlink: /home/suphasitpp/my_msc_ws/install/psm_description/share/psm_description/meshes/snake_tool/gripper_3.stl
[0.602s] -- Up-to-date symlink: /home/suphasitpp/my_msc_ws/install/psm_description/share/psm_description/meshes/snake_tool/link_0.stl
[0.603s] -- Up-to-date symlink: /home/suphasitpp/my_msc_ws/install/psm_description/share/psm_description/meshes/snake_tool/link_1.stl
[0.603s] -- Up-to-date symlink: /home/suphasitpp/my_msc_ws/install/psm_description/share/psm_description/meshes/snake_tool/link_2.stl
[0.603s] -- Up-to-date symlink: /home/suphasitpp/my_msc_ws/install/psm_description/share/psm_description/meshes/snake_tool/link_3.stl
[0.603s] -- Up-to-date symlink: /home/suphasitpp/my_msc_ws/install/psm_description/share/psm_description/meshes/snake_tool/link_4.stl
[0.603s] -- Up-to-date symlink: /home/suphasitpp/my_msc_ws/install/psm_description/share/psm_description/rviz/psm_description.rviz
[0.608s] -- Up-to-date symlink: /home/suphasitpp/my_msc_ws/install/psm_description/share/psm_description/urdf/README.md
[0.609s] -- Up-to-date symlink: /home/suphasitpp/my_msc_ws/install/psm_description/share/psm_description/urdf/both_psms.classic.urdf.xacro
[0.609s] -- Up-to-date symlink: /home/suphasitpp/my_msc_ws/install/psm_description/share/psm_description/urdf/psm.classic.urdf.xacro
[0.610s] -- Up-to-date symlink: /home/suphasitpp/my_msc_ws/install/psm_description/share/psm_description/urdf/psm.si.urdf.xacro
[0.616s] -- Up-to-date symlink: /home/suphasitpp/my_msc_ws/install/psm_description/share/psm_description/urdf/ros2_control/Classic/README.md
[0.616s] -- Up-to-date symlink: /home/suphasitpp/my_msc_ws/install/psm_description/share/psm_description/urdf/ros2_control/Classic/psm.base.ros2_control.xacro
[0.616s] -- Up-to-date symlink: /home/suphasitpp/my_msc_ws/install/psm_description/share/psm_description/urdf/ros2_control/Classic/psm.tool.blade.ros2_control.xacro
[0.616s] -- Up-to-date symlink: /home/suphasitpp/my_msc_ws/install/psm_description/share/psm_description/urdf/ros2_control/Classic/psm.tool.caudier.blade.ros2_control.xacro
[0.617s] -- Up-to-date symlink: /home/suphasitpp/my_msc_ws/install/psm_description/share/psm_description/urdf/ros2_control/Classic/psm.tool.caudier.ros2_control.xacro
[0.618s] -- Up-to-date symlink: /home/suphasitpp/my_msc_ws/install/psm_description/share/psm_description/urdf/ros2_control/Classic/psm.tool.ros2_control.xacro
[0.619s] -- Up-to-date symlink: /home/suphasitpp/my_msc_ws/install/psm_description/share/psm_description/urdf/ros2_control/Classic/psm.tool.sca.blade.ros2_control.xacro
[0.619s] -- Up-to-date symlink: /home/suphasitpp/my_msc_ws/install/psm_description/share/psm_description/urdf/ros2_control/Classic/psm.tool.sca.ros2_control.xacro
[0.619s] -- Up-to-date symlink: /home/suphasitpp/my_msc_ws/install/psm_description/share/psm_description/urdf/ros2_control/Classic/psm.tool.snake.ros2_control.xacro
[0.619s] -- Up-to-date symlink: /home/suphasitpp/my_msc_ws/install/psm_description/share/psm_description/urdf/ros2_control/Si/README.md
[0.619s] -- Up-to-date symlink: /home/suphasitpp/my_msc_ws/install/psm_description/share/psm_description/urdf/ros2_control/Si/psm.base.ros2_control.xacro
[0.619s] -- Up-to-date symlink: /home/suphasitpp/my_msc_ws/install/psm_description/share/psm_description/urdf/ros2_control/Si/psm.tool.P420006.ros2_control.xacro
[0.619s] -- Up-to-date symlink: /home/suphasitpp/my_msc_ws/install/psm_description/share/psm_description/urdf/ros2_control/Si/psm.tool.SF826001.ros2_control.xacro
[0.619s] -- Up-to-date symlink: /home/suphasitpp/my_msc_ws/install/psm_description/share/psm_description/urdf/ros2_control/Si/psm.tool.ros2_control.xacro
[0.621s] -- Up-to-date symlink: /home/suphasitpp/my_msc_ws/install/psm_description/share/psm_description/urdf/xacros/Classic/README.md
[0.622s] -- Up-to-date symlink: /home/suphasitpp/my_msc_ws/install/psm_description/share/psm_description/urdf/xacros/Classic/psm.base.xacro
[0.622s] -- Up-to-date symlink: /home/suphasitpp/my_msc_ws/install/psm_description/share/psm_description/urdf/xacros/Classic/psm.tool.blade.xacro
[0.622s] -- Up-to-date symlink: /home/suphasitpp/my_msc_ws/install/psm_description/share/psm_description/urdf/xacros/Classic/psm.tool.caudier.blade.xacro
[0.622s] -- Up-to-date symlink: /home/suphasitpp/my_msc_ws/install/psm_description/share/psm_description/urdf/xacros/Classic/psm.tool.caudier.xacro
[0.622s] -- Up-to-date symlink: /home/suphasitpp/my_msc_ws/install/psm_description/share/psm_description/urdf/xacros/Classic/psm.tool.sca.blade.xacro
[0.622s] -- Up-to-date symlink: /home/suphasitpp/my_msc_ws/install/psm_description/share/psm_description/urdf/xacros/Classic/psm.tool.sca.xacro
[0.624s] -- Up-to-date symlink: /home/suphasitpp/my_msc_ws/install/psm_description/share/psm_description/urdf/xacros/Classic/psm.tool.snake.xacro
[0.624s] -- Up-to-date symlink: /home/suphasitpp/my_msc_ws/install/psm_description/share/psm_description/urdf/xacros/Classic/psm.tool.xacro
[0.624s] -- Up-to-date symlink: /home/suphasitpp/my_msc_ws/install/psm_description/share/psm_description/urdf/xacros/Si/README.md
[0.624s] -- Up-to-date symlink: /home/suphasitpp/my_msc_ws/install/psm_description/share/psm_description/urdf/xacros/Si/psm.base.xacro
[0.624s] -- Up-to-date symlink: /home/suphasitpp/my_msc_ws/install/psm_description/share/psm_description/urdf/xacros/Si/psm.tool.P420006.xacro
[0.625s] -- Up-to-date symlink: /home/suphasitpp/my_msc_ws/install/psm_description/share/psm_description/urdf/xacros/Si/psm.tool.SF826001.xacro
[0.625s] -- Up-to-date symlink: /home/suphasitpp/my_msc_ws/install/psm_description/share/psm_description/urdf/xacros/Si/psm.tool.xacro
[0.625s] -- Up-to-date symlink: /home/suphasitpp/my_msc_ws/install/psm_description/lib/psm_description/psm_joint_controller
[0.625s] -- Up-to-date symlink: /home/suphasitpp/my_msc_ws/install/psm_description/lib/psm_description/generate_controller.py
[0.625s] -- Up-to-date symlink: /home/suphasitpp/my_msc_ws/install/psm_description/share/ament_index/resource_index/package_run_dependencies/psm_description
[0.625s] -- Up-to-date symlink: /home/suphasitpp/my_msc_ws/install/psm_description/share/ament_index/resource_index/parent_prefix_path/psm_description
[0.625s] -- Up-to-date symlink: /home/suphasitpp/my_msc_ws/install/psm_description/share/psm_description/environment/ament_prefix_path.sh
[0.625s] -- Up-to-date symlink: /home/suphasitpp/my_msc_ws/install/psm_description/share/psm_description/environment/ament_prefix_path.dsv
[0.626s] -- Up-to-date symlink: /home/suphasitpp/my_msc_ws/install/psm_description/share/psm_description/environment/path.sh
[0.626s] -- Up-to-date symlink: /home/suphasitpp/my_msc_ws/install/psm_description/share/psm_description/environment/path.dsv
[0.626s] -- Up-to-date symlink: /home/suphasitpp/my_msc_ws/install/psm_description/share/psm_description/local_setup.bash
[0.626s] -- Up-to-date symlink: /home/suphasitpp/my_msc_ws/install/psm_description/share/psm_description/local_setup.sh
[0.626s] -- Up-to-date symlink: /home/suphasitpp/my_msc_ws/install/psm_description/share/psm_description/local_setup.zsh
[0.626s] -- Up-to-date symlink: /home/suphasitpp/my_msc_ws/install/psm_description/share/psm_description/local_setup.dsv
[0.626s] -- Up-to-date symlink: /home/suphasitpp/my_msc_ws/install/psm_description/share/psm_description/package.dsv
[0.626s] -- Up-to-date symlink: /home/suphasitpp/my_msc_ws/install/psm_description/share/ament_index/resource_index/packages/psm_description
[0.626s] -- Up-to-date symlink: /home/suphasitpp/my_msc_ws/install/psm_description/share/psm_description/cmake/psm_descriptionConfig.cmake
[0.626s] -- Up-to-date symlink: /home/suphasitpp/my_msc_ws/install/psm_description/share/psm_description/cmake/psm_descriptionConfig-version.cmake
[0.626s] -- Up-to-date symlink: /home/suphasitpp/my_msc_ws/install/psm_description/share/psm_description/package.xml
[0.679s] Invoked command in '/home/suphasitpp/my_msc_ws/build/psm_description' returned '0': CMAKE_PREFIX_PATH=${CMAKE_PREFIX_PATH}:/home/suphasitpp/my_msc_ws/install/lbr_demos_py:/home/suphasitpp/my_msc_ws/install/lbr_moveit:/home/suphasitpp/my_msc_ws/install/lbr_demos_advanced_py:/home/suphasitpp/my_msc_ws/install/da_vinci_tool_integration:/home/suphasitpp/da-vinci-tool-combined/install/lbr_demos_py:/home/suphasitpp/da-vinci-tool-combined/install/lbr_moveit:/home/suphasitpp/da-vinci-tool-combined/install/lbr_demos_advanced_py:/home/suphasitpp/da-vinci-tool-combined/install/da_vinvi_tool_robot_integration:/opt/ros/humble /usr/bin/cmake --install /home/suphasitpp/my_msc_ws/build/psm_description
