-- The C compiler identification is GNU 11.4.0
-- The CXX compiler identification is GNU 11.4.0
-- Detecting C compiler ABI info
-- Detecting C compiler ABI info - done
-- Check for working C compiler: /usr/bin/cc - skipped
-- Detecting C compile features
-- Detecting C compile features - done
-- Detecting CXX compiler ABI info
-- Detecting CXX compiler ABI info - done
-- Check for working CXX compiler: /usr/bin/c++ - skipped
-- Detecting CXX compile features
-- Detecting CXX compile features - done
-- Found ament_cmake: 1.3.11 (/opt/ros/humble/share/ament_cmake/cmake)
-- Found Python3: /usr/bin/python3 (found version "3.10.12") found components: Interpreter 
-- Override CMake install command with custom implementation using symlinks instead of copying resources
-- Found urdf: 2.6.1 (/opt/ros/humble/share/urdf/cmake)
-- Found xacro: 2.0.13 (/opt/ros/humble/share/xacro/cmake)
-- Found robot_state_publisher: 3.0.3 (/opt/ros/humble/share/robot_state_publisher/cmake)
-- Found rosidl_generator_c: 3.1.6 (/opt/ros/humble/share/rosidl_generator_c/cmake)
-- Found rosidl_adapter: 3.1.6 (/opt/ros/humble/share/rosidl_adapter/cmake)
-- Found rosidl_generator_cpp: 3.1.6 (/opt/ros/humble/share/rosidl_generator_cpp/cmake)
-- Using all available rosidl_typesupport_c: rosidl_typesupport_fastrtps_c;rosidl_typesupport_introspection_c
-- Using all available rosidl_typesupport_cpp: rosidl_typesupport_fastrtps_cpp;rosidl_typesupport_introspection_cpp
-- Found eigen3_cmake_module: 0.1.1 (/opt/ros/humble/share/eigen3_cmake_module/cmake)
-- Found Eigen3: TRUE (found version "3.4.0") 
-- Ensuring Eigen3 include directory is part of orocos-kdl CMake target
-- Found rmw_implementation_cmake: 6.1.2 (/opt/ros/humble/share/rmw_implementation_cmake/cmake)
-- Found rmw_fastrtps_cpp: 6.2.7 (/opt/ros/humble/share/rmw_fastrtps_cpp/cmake)
-- Found TinyXML2 via Config file: TinyXML2_DIR-NOTFOUND
-- Found OpenSSL: /usr/lib/x86_64-linux-gnu/libcrypto.so (found version "3.0.2")  
-- Found TinyXML2 via Config file: TinyXML2_DIR-NOTFOUND
-- Found FastRTPS: /opt/ros/humble/include  
-- Found TinyXML2 via Config file: TinyXML2_DIR-NOTFOUND
-- Found TinyXML2 via Config file: TinyXML2_DIR-NOTFOUND
-- Using RMW implementation 'rmw_fastrtps_cpp' as default
-- Looking for pthread.h
-- Looking for pthread.h - found
-- Performing Test CMAKE_HAVE_LIBC_PTHREAD
-- Performing Test CMAKE_HAVE_LIBC_PTHREAD - Success
-- Found Threads: TRUE  
-- Found trajectory_msgs: 4.8.0 (/opt/ros/humble/share/trajectory_msgs/cmake)
-- Found controller_manager: 2.50.0 (/opt/ros/humble/share/controller_manager/cmake)
-- Found joint_state_broadcaster: 2.45.0 (/opt/ros/humble/share/joint_state_broadcaster/cmake)
-- Found position_controllers: 2.45.0 (/opt/ros/humble/share/position_controllers/cmake)
-- Found ros2_control: 2.50.0 (/opt/ros/humble/share/ros2_control/cmake)
-- Found ros2_controllers: 2.45.0 (/opt/ros/humble/share/ros2_controllers/cmake)
-- Found rosidl_default_generators: 1.2.0 (/opt/ros/humble/share/rosidl_default_generators/cmake)
-- Found ament_lint_auto: 0.12.12 (/opt/ros/humble/share/ament_lint_auto/cmake)
-- Added test 'cppcheck' to perform static code analysis on C / C++ code
-- Configured cppcheck include dirs: 
-- Configured cppcheck exclude dirs and/or files: 
-- Added test 'flake8' to check Python code syntax and style conventions
-- Added test 'lint_cmake' to check CMake code style
-- Added test 'pep257' to check Python code against some of the docstring style conventions in PEP 257
-- Added test 'uncrustify' to check C / C++ code style
-- Configured uncrustify additional arguments: 
-- Added test 'xmllint' to check XML markup files
-- Configuring done
-- Generating done
-- Build files have been written to: /home/suphasitpp/my_msc_ws/build/ecm_description
[ 50%] [32mBuilding CXX object CMakeFiles/ecm_joint_controller.dir/src/ecm_joint_controller.cpp.o[0m
[100%] [32m[1mLinking CXX executable ecm_joint_controller[0m
[100%] Built target ecm_joint_controller
-- Install configuration: ""
-- Execute custom install script
-- Symlinking: /home/suphasitpp/my_msc_ws/install/ecm_description/share/ecm_description/config/ecm.base.controllers.yaml
-- Symlinking: /home/suphasitpp/my_msc_ws/install/ecm_description/share/ecm_description/config/ecm.controllers.yaml
-- Symlinking: /home/suphasitpp/my_msc_ws/install/ecm_description/share/ecm_description/launch/README.md
-- Symlinking: /home/suphasitpp/my_msc_ws/install/ecm_description/share/ecm_description/launch/ecm_base_bringup.launch.py
-- Symlinking: /home/suphasitpp/my_msc_ws/install/ecm_description/share/ecm_description/launch/ecm_bringup.launch.py
-- Symlinking: /home/suphasitpp/my_msc_ws/install/ecm_description/share/ecm_description/launch/view_robot.launch.py
-- Symlinking: /home/suphasitpp/my_msc_ws/install/ecm_description/share/ecm_description/meshes/ecm/EndoScope.stl
-- Symlinking: /home/suphasitpp/my_msc_ws/install/ecm_description/share/ecm_description/meshes/ecm/Endo_Arm.stl
-- Symlinking: /home/suphasitpp/my_msc_ws/install/ecm_description/share/ecm_description/meshes/ecm/Endo_Link_5.stl
-- Symlinking: /home/suphasitpp/my_msc_ws/install/ecm_description/share/ecm_description/meshes/ecm/Endo_Link_5_2.stl
-- Symlinking: /home/suphasitpp/my_msc_ws/install/ecm_description/share/ecm_description/meshes/ecm/Endo_Link_6_2.stl
-- Symlinking: /home/suphasitpp/my_msc_ws/install/ecm_description/share/ecm_description/meshes/ecm/Endo_Link_7.stl
-- Symlinking: /home/suphasitpp/my_msc_ws/install/ecm_description/share/ecm_description/meshes/ecm/Endo_Link_8.stl
-- Symlinking: /home/suphasitpp/my_msc_ws/install/ecm_description/share/ecm_description/meshes/ecm_base/ecm_base_link.stl
-- Symlinking: /home/suphasitpp/my_msc_ws/install/ecm_description/share/ecm_description/meshes/ecm_base/ecm_main_insertion_link.stl
-- Symlinking: /home/suphasitpp/my_msc_ws/install/ecm_description/share/ecm_description/meshes/ecm_base/ecm_pitch_back_link.stl
-- Symlinking: /home/suphasitpp/my_msc_ws/install/ecm_description/share/ecm_description/meshes/ecm_base/ecm_pitch_bottom_link.stl
-- Symlinking: /home/suphasitpp/my_msc_ws/install/ecm_description/share/ecm_description/meshes/ecm_base/ecm_pitch_end_link.stl
-- Symlinking: /home/suphasitpp/my_msc_ws/install/ecm_description/share/ecm_description/meshes/ecm_base/ecm_pitch_front_link.stl
-- Symlinking: /home/suphasitpp/my_msc_ws/install/ecm_description/share/ecm_description/meshes/ecm_base/ecm_pitch_top_link.stl
-- Symlinking: /home/suphasitpp/my_msc_ws/install/ecm_description/share/ecm_description/meshes/ecm_base/ecm_remote_center_link.stl
-- Symlinking: /home/suphasitpp/my_msc_ws/install/ecm_description/share/ecm_description/meshes/ecm_base/ecm_tool_link.stl
-- Symlinking: /home/suphasitpp/my_msc_ws/install/ecm_description/share/ecm_description/meshes/ecm_base/ecm_yaw_link.stl
-- Symlinking: /home/suphasitpp/my_msc_ws/install/ecm_description/share/ecm_description/rviz/ecm_description.rviz
-- Symlinking: /home/suphasitpp/my_msc_ws/install/ecm_description/share/ecm_description/urdf/README.md
-- Symlinking: /home/suphasitpp/my_msc_ws/install/ecm_description/share/ecm_description/urdf/ecm.base.urdf.xacro
-- Symlinking: /home/suphasitpp/my_msc_ws/install/ecm_description/share/ecm_description/urdf/ecm.urdf.xacro
-- Symlinking: /home/suphasitpp/my_msc_ws/install/ecm_description/share/ecm_description/urdf/ros2_control/README.md
-- Symlinking: /home/suphasitpp/my_msc_ws/install/ecm_description/share/ecm_description/urdf/ros2_control/ecm.base.ros2_control.xacro
-- Symlinking: /home/suphasitpp/my_msc_ws/install/ecm_description/share/ecm_description/urdf/ros2_control/ecm.ros2_control.xacro
-- Symlinking: /home/suphasitpp/my_msc_ws/install/ecm_description/share/ecm_description/urdf/xacros/README.md
-- Symlinking: /home/suphasitpp/my_msc_ws/install/ecm_description/share/ecm_description/urdf/xacros/common.xacro
-- Symlinking: /home/suphasitpp/my_msc_ws/install/ecm_description/share/ecm_description/urdf/xacros/ecm.base.xacro
-- Symlinking: /home/suphasitpp/my_msc_ws/install/ecm_description/share/ecm_description/urdf/xacros/ecm.xacro
-- Symlinking: /home/suphasitpp/my_msc_ws/install/ecm_description/lib/ecm_description/ecm_joint_controller
-- Symlinking: /home/suphasitpp/my_msc_ws/install/ecm_description/share/ament_index/resource_index/package_run_dependencies/ecm_description
-- Symlinking: /home/suphasitpp/my_msc_ws/install/ecm_description/share/ament_index/resource_index/parent_prefix_path/ecm_description
-- Symlinking: /home/suphasitpp/my_msc_ws/install/ecm_description/share/ecm_description/environment/ament_prefix_path.sh
-- Symlinking: /home/suphasitpp/my_msc_ws/install/ecm_description/share/ecm_description/environment/ament_prefix_path.dsv
-- Symlinking: /home/suphasitpp/my_msc_ws/install/ecm_description/share/ecm_description/environment/path.sh
-- Symlinking: /home/suphasitpp/my_msc_ws/install/ecm_description/share/ecm_description/environment/path.dsv
-- Symlinking: /home/suphasitpp/my_msc_ws/install/ecm_description/share/ecm_description/local_setup.bash
-- Symlinking: /home/suphasitpp/my_msc_ws/install/ecm_description/share/ecm_description/local_setup.sh
-- Symlinking: /home/suphasitpp/my_msc_ws/install/ecm_description/share/ecm_description/local_setup.zsh
-- Symlinking: /home/suphasitpp/my_msc_ws/install/ecm_description/share/ecm_description/local_setup.dsv
-- Symlinking: /home/suphasitpp/my_msc_ws/install/ecm_description/share/ecm_description/package.dsv
-- Symlinking: /home/suphasitpp/my_msc_ws/install/ecm_description/share/ament_index/resource_index/packages/ecm_description
-- Symlinking: /home/suphasitpp/my_msc_ws/install/ecm_description/share/ecm_description/cmake/ecm_descriptionConfig.cmake
-- Symlinking: /home/suphasitpp/my_msc_ws/install/ecm_description/share/ecm_description/cmake/ecm_descriptionConfig-version.cmake
-- Symlinking: /home/suphasitpp/my_msc_ws/install/ecm_description/share/ecm_description/package.xml
