[1.359s] Invoking command in '/home/suphasitpp/my_msc_ws/build/lbr_moveit': PYTHONPATH=/home/suphasitpp/my_msc_ws/build/lbr_moveit/prefix_override:/usr/lib/python3/dist-packages/colcon_core/task/python/colcon_distutils_commands:/home/suphasitpp/my_msc_ws/install/lbr_moveit/lib/python3.10/site-packages:${PYTHONPATH} /usr/bin/python3 -W ignore:setup.py install is deprecated -W ignore:easy_install command is deprecated setup.py develop --editable --build-directory /home/suphasitpp/my_msc_ws/build/lbr_moveit/build --no-deps symlink_data
[1.918s] running develop
[2.234s] running egg_info
[2.234s] creating lbr_moveit.egg-info
[2.235s] writing lbr_moveit.egg-info/PKG-INFO
[2.236s] writing dependency_links to lbr_moveit.egg-info/dependency_links.txt
[2.236s] writing entry points to lbr_moveit.egg-info/entry_points.txt
[2.236s] writing requirements to lbr_moveit.egg-info/requires.txt
[2.236s] writing top-level names to lbr_moveit.egg-info/top_level.txt
[2.237s] writing manifest file 'lbr_moveit.egg-info/SOURCES.txt'
[2.238s] reading manifest file 'lbr_moveit.egg-info/SOURCES.txt'
[2.239s] writing manifest file 'lbr_moveit.egg-info/SOURCES.txt'
[2.242s] running build_ext
[2.244s] Creating /home/suphasitpp/my_msc_ws/install/lbr_moveit/lib/python3.10/site-packages/lbr-moveit.egg-link (link to .)
[2.244s] Installing forward_keyboard script to /home/suphasitpp/my_msc_ws/install/lbr_moveit/lib/lbr_moveit
[2.244s] 
[2.244s] Installed /home/suphasitpp/my_msc_ws/build/lbr_moveit
[2.244s] running symlink_data
[2.245s] creating /home/suphasitpp/my_msc_ws/install/lbr_moveit/share/ament_index
[2.245s] creating /home/suphasitpp/my_msc_ws/install/lbr_moveit/share/ament_index/resource_index
[2.246s] creating /home/suphasitpp/my_msc_ws/install/lbr_moveit/share/ament_index/resource_index/packages
[2.246s] symbolically linking /home/suphasitpp/my_msc_ws/build/lbr_moveit/resource/lbr_moveit -> /home/suphasitpp/my_msc_ws/install/lbr_moveit/share/ament_index/resource_index/packages
[2.246s] symbolically linking /home/suphasitpp/my_msc_ws/build/lbr_moveit/package.xml -> /home/suphasitpp/my_msc_ws/install/lbr_moveit/share/lbr_moveit
[2.247s] creating /home/suphasitpp/my_msc_ws/install/lbr_moveit/share/lbr_moveit/config
[2.247s] symbolically linking /home/suphasitpp/my_msc_ws/build/lbr_moveit/config/forward_keyboard.yaml -> /home/suphasitpp/my_msc_ws/install/lbr_moveit/share/lbr_moveit/config
[2.247s] creating /home/suphasitpp/my_msc_ws/install/lbr_moveit/share/lbr_moveit/launch
[2.247s] symbolically linking /home/suphasitpp/my_msc_ws/build/lbr_moveit/launch/keyboard_driver.launch.py -> /home/suphasitpp/my_msc_ws/install/lbr_moveit/share/lbr_moveit/launch
[2.310s] Invoked command in '/home/suphasitpp/my_msc_ws/build/lbr_moveit' returned '0': PYTHONPATH=/home/suphasitpp/my_msc_ws/build/lbr_moveit/prefix_override:/usr/lib/python3/dist-packages/colcon_core/task/python/colcon_distutils_commands:/home/suphasitpp/my_msc_ws/install/lbr_moveit/lib/python3.10/site-packages:${PYTHONPATH} /usr/bin/python3 -W ignore:setup.py install is deprecated -W ignore:easy_install command is deprecated setup.py develop --editable --build-directory /home/suphasitpp/my_msc_ws/build/lbr_moveit/build --no-deps symlink_data
