[0.059s] Invoking command in '/home/suphasitpp/my_msc_ws/build/moveit_config_attached': CMAKE_PREFIX_PATH=${CMAKE_PREFIX_PATH}:/home/suphasitpp/my_msc_ws/install/lbr_demos_py:/home/suphasitpp/my_msc_ws/install/lbr_moveit:/home/suphasitpp/my_msc_ws/install/lbr_demos_advanced_py:/home/suphasitpp/my_msc_ws/install/da_vinci_tool_integration:/home/suphasitpp/da-vinci-tool-combined/install/lbr_demos_py:/home/suphasitpp/da-vinci-tool-combined/install/lbr_moveit:/home/suphasitpp/da-vinci-tool-combined/install/lbr_demos_advanced_py:/home/suphasitpp/da-vinci-tool-combined/install/da_vinvi_tool_robot_integration:/opt/ros/humble /usr/bin/cmake /home/suphasitpp/my_msc_ws/src/moveit_config_attached -DAMENT_CMAKE_SYMLINK_INSTALL=1 -DCMAKE_INSTALL_PREFIX=/home/suphasitpp/my_msc_ws/install/moveit_config_attached
[5.044s] -- The C compiler identification is GNU 11.4.0
[5.045s] -- The CXX compiler identification is GNU 11.4.0
[5.045s] -- Detecting C compiler ABI info
[5.045s] -- Detecting C compiler ABI info - done
[5.045s] -- Check for working C compiler: /usr/bin/cc - skipped
[5.045s] -- Detecting C compile features
[5.045s] -- Detecting C compile features - done
[5.045s] -- Detecting CXX compiler ABI info
[5.046s] -- Detecting CXX compiler ABI info - done
[5.046s] -- Check for working CXX compiler: /usr/bin/c++ - skipped
[5.046s] -- Detecting CXX compile features
[5.046s] -- Detecting CXX compile features - done
[5.046s] -- Found ament_cmake: 1.3.11 (/opt/ros/humble/share/ament_cmake/cmake)
[5.046s] -- Found Python3: /usr/bin/python3 (found version "3.10.12") found components: Interpreter 
[5.046s] -- Override CMake install command with custom implementation using symlinks instead of copying resources
[5.046s] -- Configuring done
[5.046s] -- Generating done
[5.046s] -- Build files have been written to: /home/suphasitpp/my_msc_ws/build/moveit_config_attached
[5.059s] Invoked command in '/home/suphasitpp/my_msc_ws/build/moveit_config_attached' returned '0': CMAKE_PREFIX_PATH=${CMAKE_PREFIX_PATH}:/home/suphasitpp/my_msc_ws/install/lbr_demos_py:/home/suphasitpp/my_msc_ws/install/lbr_moveit:/home/suphasitpp/my_msc_ws/install/lbr_demos_advanced_py:/home/suphasitpp/my_msc_ws/install/da_vinci_tool_integration:/home/suphasitpp/da-vinci-tool-combined/install/lbr_demos_py:/home/suphasitpp/da-vinci-tool-combined/install/lbr_moveit:/home/suphasitpp/da-vinci-tool-combined/install/lbr_demos_advanced_py:/home/suphasitpp/da-vinci-tool-combined/install/da_vinvi_tool_robot_integration:/opt/ros/humble /usr/bin/cmake /home/suphasitpp/my_msc_ws/src/moveit_config_attached -DAMENT_CMAKE_SYMLINK_INSTALL=1 -DCMAKE_INSTALL_PREFIX=/home/suphasitpp/my_msc_ws/install/moveit_config_attached
[5.060s] Invoking command in '/home/suphasitpp/my_msc_ws/build/moveit_config_attached': CMAKE_PREFIX_PATH=${CMAKE_PREFIX_PATH}:/home/suphasitpp/my_msc_ws/install/lbr_demos_py:/home/suphasitpp/my_msc_ws/install/lbr_moveit:/home/suphasitpp/my_msc_ws/install/lbr_demos_advanced_py:/home/suphasitpp/my_msc_ws/install/da_vinci_tool_integration:/home/suphasitpp/da-vinci-tool-combined/install/lbr_demos_py:/home/suphasitpp/da-vinci-tool-combined/install/lbr_moveit:/home/suphasitpp/da-vinci-tool-combined/install/lbr_demos_advanced_py:/home/suphasitpp/da-vinci-tool-combined/install/da_vinvi_tool_robot_integration:/opt/ros/humble /usr/bin/cmake --build /home/suphasitpp/my_msc_ws/build/moveit_config_attached -- -j8 -l8
[9.755s] Invoked command in '/home/suphasitpp/my_msc_ws/build/moveit_config_attached' returned '0': CMAKE_PREFIX_PATH=${CMAKE_PREFIX_PATH}:/home/suphasitpp/my_msc_ws/install/lbr_demos_py:/home/suphasitpp/my_msc_ws/install/lbr_moveit:/home/suphasitpp/my_msc_ws/install/lbr_demos_advanced_py:/home/suphasitpp/my_msc_ws/install/da_vinci_tool_integration:/home/suphasitpp/da-vinci-tool-combined/install/lbr_demos_py:/home/suphasitpp/da-vinci-tool-combined/install/lbr_moveit:/home/suphasitpp/da-vinci-tool-combined/install/lbr_demos_advanced_py:/home/suphasitpp/da-vinci-tool-combined/install/da_vinvi_tool_robot_integration:/opt/ros/humble /usr/bin/cmake --build /home/suphasitpp/my_msc_ws/build/moveit_config_attached -- -j8 -l8
[9.756s] Invoking command in '/home/suphasitpp/my_msc_ws/build/moveit_config_attached': CMAKE_PREFIX_PATH=${CMAKE_PREFIX_PATH}:/home/suphasitpp/my_msc_ws/install/lbr_demos_py:/home/suphasitpp/my_msc_ws/install/lbr_moveit:/home/suphasitpp/my_msc_ws/install/lbr_demos_advanced_py:/home/suphasitpp/my_msc_ws/install/da_vinci_tool_integration:/home/suphasitpp/da-vinci-tool-combined/install/lbr_demos_py:/home/suphasitpp/da-vinci-tool-combined/install/lbr_moveit:/home/suphasitpp/da-vinci-tool-combined/install/lbr_demos_advanced_py:/home/suphasitpp/da-vinci-tool-combined/install/da_vinvi_tool_robot_integration:/opt/ros/humble /usr/bin/cmake --install /home/suphasitpp/my_msc_ws/build/moveit_config_attached
[10.747s] -- Install configuration: ""
[10.747s] -- Execute custom install script
[10.748s] -- Symlinking: /home/suphasitpp/my_msc_ws/install/moveit_config_attached/share/ament_index/resource_index/package_run_dependencies/moveit_config_attached
[10.748s] -- Symlinking: /home/suphasitpp/my_msc_ws/install/moveit_config_attached/share/ament_index/resource_index/parent_prefix_path/moveit_config_attached
[10.748s] -- Symlinking: /home/suphasitpp/my_msc_ws/install/moveit_config_attached/share/moveit_config_attached/environment/ament_prefix_path.sh
[10.748s] -- Symlinking: /home/suphasitpp/my_msc_ws/install/moveit_config_attached/share/moveit_config_attached/environment/ament_prefix_path.dsv
[10.748s] -- Symlinking: /home/suphasitpp/my_msc_ws/install/moveit_config_attached/share/moveit_config_attached/environment/path.sh
[10.748s] -- Symlinking: /home/suphasitpp/my_msc_ws/install/moveit_config_attached/share/moveit_config_attached/environment/path.dsv
[10.748s] -- Symlinking: /home/suphasitpp/my_msc_ws/install/moveit_config_attached/share/moveit_config_attached/local_setup.bash
[10.748s] -- Symlinking: /home/suphasitpp/my_msc_ws/install/moveit_config_attached/share/moveit_config_attached/local_setup.sh
[10.748s] -- Symlinking: /home/suphasitpp/my_msc_ws/install/moveit_config_attached/share/moveit_config_attached/local_setup.zsh
[10.749s] -- Symlinking: /home/suphasitpp/my_msc_ws/install/moveit_config_attached/share/moveit_config_attached/local_setup.dsv
[10.749s] -- Symlinking: /home/suphasitpp/my_msc_ws/install/moveit_config_attached/share/moveit_config_attached/package.dsv
[10.749s] -- Symlinking: /home/suphasitpp/my_msc_ws/install/moveit_config_attached/share/ament_index/resource_index/packages/moveit_config_attached
[10.749s] -- Symlinking: /home/suphasitpp/my_msc_ws/install/moveit_config_attached/share/moveit_config_attached/cmake/moveit_config_attachedConfig.cmake
[10.749s] -- Symlinking: /home/suphasitpp/my_msc_ws/install/moveit_config_attached/share/moveit_config_attached/cmake/moveit_config_attachedConfig-version.cmake
[10.749s] -- Symlinking: /home/suphasitpp/my_msc_ws/install/moveit_config_attached/share/moveit_config_attached/package.xml
[10.779s] -- Symlinking: /home/suphasitpp/my_msc_ws/install/moveit_config_attached/share/moveit_config_attached/launch/demo.launch.py
[10.842s] -- Symlinking: /home/suphasitpp/my_msc_ws/install/moveit_config_attached/share/moveit_config_attached/launch/move_group.launch.py
[10.920s] -- Symlinking: /home/suphasitpp/my_msc_ws/install/moveit_config_attached/share/moveit_config_attached/launch/moveit_rviz.launch.py
[11.009s] -- Symlinking: /home/suphasitpp/my_msc_ws/install/moveit_config_attached/share/moveit_config_attached/launch/rsp.launch.py
[11.094s] -- Symlinking: /home/suphasitpp/my_msc_ws/install/moveit_config_attached/share/moveit_config_attached/launch/setup_assistant.launch.py
[11.127s] -- Symlinking: /home/suphasitpp/my_msc_ws/install/moveit_config_attached/share/moveit_config_attached/launch/spawn_controllers.launch.py
[11.187s] -- Symlinking: /home/suphasitpp/my_msc_ws/install/moveit_config_attached/share/moveit_config_attached/launch/static_virtual_joint_tfs.launch.py
[11.257s] -- Symlinking: /home/suphasitpp/my_msc_ws/install/moveit_config_attached/share/moveit_config_attached/launch/warehouse_db.launch.py
[11.313s] -- Symlinking: /home/suphasitpp/my_msc_ws/install/moveit_config_attached/share/moveit_config_attached/config/initial_positions.yaml
[11.357s] -- Symlinking: /home/suphasitpp/my_msc_ws/install/moveit_config_attached/share/moveit_config_attached/config/joint_limits.yaml
[11.411s] -- Symlinking: /home/suphasitpp/my_msc_ws/install/moveit_config_attached/share/moveit_config_attached/config/kinematics.yaml
[11.444s] -- Symlinking: /home/suphasitpp/my_msc_ws/install/moveit_config_attached/share/moveit_config_attached/config/med7attached.ros2_control.xacro
[11.470s] -- Symlinking: /home/suphasitpp/my_msc_ws/install/moveit_config_attached/share/moveit_config_attached/config/med7attached.srdf
[11.499s] -- Symlinking: /home/suphasitpp/my_msc_ws/install/moveit_config_attached/share/moveit_config_attached/config/med7attached.urdf.xacro
[11.523s] -- Symlinking: /home/suphasitpp/my_msc_ws/install/moveit_config_attached/share/moveit_config_attached/config/moveit.rviz
[11.562s] -- Symlinking: /home/suphasitpp/my_msc_ws/install/moveit_config_attached/share/moveit_config_attached/config/moveit_controllers.yaml
[11.599s] -- Symlinking: /home/suphasitpp/my_msc_ws/install/moveit_config_attached/share/moveit_config_attached/config/pilz_cartesian_limits.yaml
[11.632s] -- Symlinking: /home/suphasitpp/my_msc_ws/install/moveit_config_attached/share/moveit_config_attached/config/sensors_3d.yaml
[11.659s] -- Symlinking: /home/suphasitpp/my_msc_ws/install/moveit_config_attached/share/moveit_config_attached/.setup_assistant
[11.698s] Invoked command in '/home/suphasitpp/my_msc_ws/build/moveit_config_attached' returned '0': CMAKE_PREFIX_PATH=${CMAKE_PREFIX_PATH}:/home/suphasitpp/my_msc_ws/install/lbr_demos_py:/home/suphasitpp/my_msc_ws/install/lbr_moveit:/home/suphasitpp/my_msc_ws/install/lbr_demos_advanced_py:/home/suphasitpp/my_msc_ws/install/da_vinci_tool_integration:/home/suphasitpp/da-vinci-tool-combined/install/lbr_demos_py:/home/suphasitpp/da-vinci-tool-combined/install/lbr_moveit:/home/suphasitpp/da-vinci-tool-combined/install/lbr_demos_advanced_py:/home/suphasitpp/da-vinci-tool-combined/install/da_vinvi_tool_robot_integration:/opt/ros/humble /usr/bin/cmake --install /home/suphasitpp/my_msc_ws/build/moveit_config_attached
