[0.036s] Invoking command in '/home/suphasitpp/my_msc_ws/build/lbr_fri_ros2': CMAKE_PREFIX_PATH=/home/suphasitpp/my_msc_ws/install/lbr_description:/home/suphasitpp/my_msc_ws/install/kdl_parser:/home/suphasitpp/my_msc_ws/install/moveit_config_attached:/home/suphasitpp/my_msc_ws/install/patient_cart_description:/home/suphasitpp/my_msc_ws/install/suj_description:/home/suphasitpp/my_msc_ws/install/psm_description:/home/suphasitpp/my_msc_ws/install/mtm_description:/home/suphasitpp/my_msc_ws/install/med7_moveit_config_new:/home/suphasitpp/my_msc_ws/install/med7_moveit_config:/home/suphasitpp/my_msc_ws/install/med14_moveit_config:/home/suphasitpp/my_msc_ws/install/lbr_fri_ros2_stack:/home/suphasitpp/my_msc_ws/install/lbr_demos_cpp:/home/suphasitpp/my_msc_ws/install/lbr_bringup:/home/suphasitpp/my_msc_ws/install/lbr_ros2_control:/home/suphasitpp/my_msc_ws/install/lbr_moveit_cpp:/home/suphasitpp/my_msc_ws/install/lbr_demos_advanced_cpp:/home/suphasitpp/my_msc_ws/install/lbr_fri_ros2:/home/suphasitpp/my_msc_ws/install/iiwa7_moveit_config:/home/suphasitpp/my_msc_ws/install/iiwa14_moveit_config:/home/suphasitpp/my_msc_ws/install/ecm_description:/home/suphasitpp/my_msc_ws/install/davinci_core_description:/home/suphasitpp/my_msc_ws/install/adaptor:/home/suphasitpp/da-vinci-tool-combined/install/patient_cart_description:/home/suphasitpp/da-vinci-tool-combined/install/suj_description:/home/suphasitpp/da-vinci-tool-combined/install/psm_description:/home/suphasitpp/da-vinci-tool-combined/install/mtm_description:/home/suphasitpp/da-vinci-tool-combined/install/med7_moveit_config:/home/suphasitpp/da-vinci-tool-combined/install/med14_moveit_config:/home/suphasitpp/da-vinci-tool-combined/install/lbr_fri_ros2_stack:/home/suphasitpp/da-vinci-tool-combined/install/lbr_demos_cpp:/home/suphasitpp/da-vinci-tool-combined/install/lbr_bringup:/home/suphasitpp/da-vinci-tool-combined/install/lbr_ros2_control:/home/suphasitpp/da-vinci-tool-combined/install/lbr_moveit_cpp:/home/suphasitpp/da-vinci-tool-combined/install/lbr_demos_advanced_cpp:/home/suphasitpp/da-vinci-tool-combined/install/lbr_fri_ros2:/home/suphasitpp/da-vinci-tool-combined/install/lbr_fri_idl:/home/suphasitpp/da-vinci-tool-combined/install/iiwa7_moveit_config:/home/suphasitpp/da-vinci-tool-combined/install/iiwa14_moveit_config:/home/suphasitpp/da-vinci-tool-combined/install/lbr_description:/home/suphasitpp/da-vinci-tool-combined/install/fri_client_sdk:/home/suphasitpp/da-vinci-tool-combined/install/ecm_description:/home/suphasitpp/da-vinci-tool-combined/install/davinci_core_description:/home/suphasitpp/da-vinci-tool-combined/install/adaptor:/home/suphasitpp/my_msc_ws/install/lbr_demos_py:/home/suphasitpp/my_msc_ws/install/lbr_moveit:/home/suphasitpp/my_msc_ws/install/lbr_demos_advanced_py:/home/suphasitpp/my_msc_ws/install/da_vinci_tool_integration:/home/suphasitpp/da-vinci-tool-combined/install/lbr_demos_py:/home/suphasitpp/da-vinci-tool-combined/install/lbr_moveit:/home/suphasitpp/da-vinci-tool-combined/install/lbr_demos_advanced_py:/home/suphasitpp/da-vinci-tool-combined/install/da_vinvi_tool_robot_integration:/opt/ros/humble LD_LIBRARY_PATH=/home/suphasitpp/my_msc_ws/install/kdl_parser/lib:/home/suphasitpp/my_msc_ws/install/lbr_ros2_control/lib:/home/suphasitpp/my_msc_ws/install/lbr_demos_advanced_cpp/lib:/home/suphasitpp/my_msc_ws/install/lbr_fri_ros2/lib:/home/suphasitpp/da-vinci-tool-combined/install/lbr_ros2_control/lib:/home/suphasitpp/da-vinci-tool-combined/install/lbr_demos_advanced_cpp/lib:/home/suphasitpp/da-vinci-tool-combined/install/lbr_fri_ros2/lib:/home/suphasitpp/da-vinci-tool-combined/install/lbr_fri_idl/lib:/home/suphasitpp/da-vinci-tool-combined/install/fri_client_sdk/lib:/usr/lib/x86_64-linux-gnu/gazebo-11/plugins:/opt/ros/humble/opt/rviz_ogre_vendor/lib:/opt/ros/humble/lib/x86_64-linux-gnu:/opt/ros/humble/lib:/tmp/.mount_cursorXfOm6V/usr/lib/:/tmp/.mount_cursorXfOm6V/usr/lib32/:/tmp/.mount_cursorXfOm6V/usr/lib64/:/tmp/.mount_cursorXfOm6V/lib/:/tmp/.mount_cursorXfOm6V/lib/i386-linux-gnu/:/tmp/.mount_cursorXfOm6V/lib/x86_64-linux-gnu/:/tmp/.mount_cursorXfOm6V/lib/aarch64-linux-gnu/:/tmp/.mount_cursorXfOm6V/lib32/:/tmp/.mount_cursorXfOm6V/lib64/ /usr/bin/cmake /home/suphasitpp/my_msc_ws/src/lbr_fri_ros2_stack/lbr_fri_ros2 -DAMENT_CMAKE_SYMLINK_INSTALL=1 -DCMAKE_INSTALL_PREFIX=/home/suphasitpp/my_msc_ws/install/lbr_fri_ros2
[2.758s] -- The C compiler identification is GNU 11.4.0
[2.758s] -- The CXX compiler identification is GNU 11.4.0
[2.758s] -- Detecting C compiler ABI info
[2.758s] -- Detecting C compiler ABI info - done
[2.759s] -- Check for working C compiler: /usr/bin/cc - skipped
[2.759s] -- Detecting C compile features
[2.759s] -- Detecting C compile features - done
[2.759s] -- Detecting CXX compiler ABI info
[2.759s] -- Detecting CXX compiler ABI info - done
[2.759s] -- Check for working CXX compiler: /usr/bin/c++ - skipped
[2.759s] -- Detecting CXX compile features
[2.759s] -- Detecting CXX compile features - done
[2.759s] -- Found ament_cmake: 1.3.11 (/opt/ros/humble/share/ament_cmake/cmake)
[2.759s] -- Found Python3: /usr/bin/python3 (found version "3.10.12") found components: Interpreter 
[2.759s] -- Override CMake install command with custom implementation using symlinks instead of copying resources
[2.760s] -- Found eigen3_cmake_module: 0.1.1 (/opt/ros/humble/share/eigen3_cmake_module/cmake)
[2.760s] -- Found Eigen3: TRUE (found version "3.4.0") 
[2.760s] -- Found geometry_msgs: 4.8.0 (/opt/ros/humble/share/geometry_msgs/cmake)
[2.760s] -- Found rosidl_generator_c: 3.1.6 (/opt/ros/humble/share/rosidl_generator_c/cmake)
[2.760s] -- Found rosidl_adapter: 3.1.6 (/opt/ros/humble/share/rosidl_adapter/cmake)
[2.760s] -- Found rosidl_generator_cpp: 3.1.6 (/opt/ros/humble/share/rosidl_generator_cpp/cmake)
[2.761s] -- Using all available rosidl_typesupport_c: rosidl_typesupport_fastrtps_c;rosidl_typesupport_introspection_c
[2.761s] -- Using all available rosidl_typesupport_cpp: rosidl_typesupport_fastrtps_cpp;rosidl_typesupport_introspection_cpp
[2.761s] -- Found kdl_parser: 2.6.4 (/home/suphasitpp/my_msc_ws/install/kdl_parser/share/kdl_parser/cmake)
[2.761s] -- Ensuring Eigen3 include directory is part of orocos-kdl CMake target
[2.761s] -- Found lbr_fri_idl: 1.5.0 (/home/suphasitpp/da-vinci-tool-combined/install/lbr_fri_idl/share/lbr_fri_idl/cmake)
[2.761s] -- Found rclcpp: 16.0.12 (/opt/ros/humble/share/rclcpp/cmake)
[2.761s] -- Found rmw_implementation_cmake: 6.1.2 (/opt/ros/humble/share/rmw_implementation_cmake/cmake)
[2.761s] -- Found rmw_fastrtps_cpp: 6.2.7 (/opt/ros/humble/share/rmw_fastrtps_cpp/cmake)
[2.761s] -- Found OpenSSL: /usr/lib/x86_64-linux-gnu/libcrypto.so (found version "3.0.2")  
[2.761s] -- Found FastRTPS: /opt/ros/humble/include  
[2.762s] -- Using RMW implementation 'rmw_fastrtps_cpp' as default
[2.763s] -- Looking for pthread.h
[2.865s] -- Looking for pthread.h - found
[2.865s] -- Performing Test CMAKE_HAVE_LIBC_PTHREAD
[3.169s] -- Performing Test CMAKE_HAVE_LIBC_PTHREAD - Success
[3.174s] -- Found Threads: TRUE  
[3.308s] -- Found realtime_tools: 2.13.0 (/opt/ros/humble/share/realtime_tools/cmake)
[3.401s] -- Found urdf: 2.6.1 (/opt/ros/humble/share/urdf/cmake)
[3.489s] -- Found ament_cmake_gtest: 1.3.11 (/opt/ros/humble/share/ament_cmake_gtest/cmake)
[3.493s] -- Found gtest sources under '/opt/ros/humble/src/gtest_vendor': C++ tests using 'Google Test' will be built
[3.645s] -- Configuring done
[3.714s] -- Generating done
[3.738s] -- Build files have been written to: /home/suphasitpp/my_msc_ws/build/lbr_fri_ros2
[3.788s] Invoked command in '/home/suphasitpp/my_msc_ws/build/lbr_fri_ros2' returned '0': CMAKE_PREFIX_PATH=/home/suphasitpp/my_msc_ws/install/lbr_description:/home/suphasitpp/my_msc_ws/install/kdl_parser:/home/suphasitpp/my_msc_ws/install/moveit_config_attached:/home/suphasitpp/my_msc_ws/install/patient_cart_description:/home/suphasitpp/my_msc_ws/install/suj_description:/home/suphasitpp/my_msc_ws/install/psm_description:/home/suphasitpp/my_msc_ws/install/mtm_description:/home/suphasitpp/my_msc_ws/install/med7_moveit_config_new:/home/suphasitpp/my_msc_ws/install/med7_moveit_config:/home/suphasitpp/my_msc_ws/install/med14_moveit_config:/home/suphasitpp/my_msc_ws/install/lbr_fri_ros2_stack:/home/suphasitpp/my_msc_ws/install/lbr_demos_cpp:/home/suphasitpp/my_msc_ws/install/lbr_bringup:/home/suphasitpp/my_msc_ws/install/lbr_ros2_control:/home/suphasitpp/my_msc_ws/install/lbr_moveit_cpp:/home/suphasitpp/my_msc_ws/install/lbr_demos_advanced_cpp:/home/suphasitpp/my_msc_ws/install/lbr_fri_ros2:/home/suphasitpp/my_msc_ws/install/iiwa7_moveit_config:/home/suphasitpp/my_msc_ws/install/iiwa14_moveit_config:/home/suphasitpp/my_msc_ws/install/ecm_description:/home/suphasitpp/my_msc_ws/install/davinci_core_description:/home/suphasitpp/my_msc_ws/install/adaptor:/home/suphasitpp/da-vinci-tool-combined/install/patient_cart_description:/home/suphasitpp/da-vinci-tool-combined/install/suj_description:/home/suphasitpp/da-vinci-tool-combined/install/psm_description:/home/suphasitpp/da-vinci-tool-combined/install/mtm_description:/home/suphasitpp/da-vinci-tool-combined/install/med7_moveit_config:/home/suphasitpp/da-vinci-tool-combined/install/med14_moveit_config:/home/suphasitpp/da-vinci-tool-combined/install/lbr_fri_ros2_stack:/home/suphasitpp/da-vinci-tool-combined/install/lbr_demos_cpp:/home/suphasitpp/da-vinci-tool-combined/install/lbr_bringup:/home/suphasitpp/da-vinci-tool-combined/install/lbr_ros2_control:/home/suphasitpp/da-vinci-tool-combined/install/lbr_moveit_cpp:/home/suphasitpp/da-vinci-tool-combined/install/lbr_demos_advanced_cpp:/home/suphasitpp/da-vinci-tool-combined/install/lbr_fri_ros2:/home/suphasitpp/da-vinci-tool-combined/install/lbr_fri_idl:/home/suphasitpp/da-vinci-tool-combined/install/iiwa7_moveit_config:/home/suphasitpp/da-vinci-tool-combined/install/iiwa14_moveit_config:/home/suphasitpp/da-vinci-tool-combined/install/lbr_description:/home/suphasitpp/da-vinci-tool-combined/install/fri_client_sdk:/home/suphasitpp/da-vinci-tool-combined/install/ecm_description:/home/suphasitpp/da-vinci-tool-combined/install/davinci_core_description:/home/suphasitpp/da-vinci-tool-combined/install/adaptor:/home/suphasitpp/my_msc_ws/install/lbr_demos_py:/home/suphasitpp/my_msc_ws/install/lbr_moveit:/home/suphasitpp/my_msc_ws/install/lbr_demos_advanced_py:/home/suphasitpp/my_msc_ws/install/da_vinci_tool_integration:/home/suphasitpp/da-vinci-tool-combined/install/lbr_demos_py:/home/suphasitpp/da-vinci-tool-combined/install/lbr_moveit:/home/suphasitpp/da-vinci-tool-combined/install/lbr_demos_advanced_py:/home/suphasitpp/da-vinci-tool-combined/install/da_vinvi_tool_robot_integration:/opt/ros/humble LD_LIBRARY_PATH=/home/suphasitpp/my_msc_ws/install/kdl_parser/lib:/home/suphasitpp/my_msc_ws/install/lbr_ros2_control/lib:/home/suphasitpp/my_msc_ws/install/lbr_demos_advanced_cpp/lib:/home/suphasitpp/my_msc_ws/install/lbr_fri_ros2/lib:/home/suphasitpp/da-vinci-tool-combined/install/lbr_ros2_control/lib:/home/suphasitpp/da-vinci-tool-combined/install/lbr_demos_advanced_cpp/lib:/home/suphasitpp/da-vinci-tool-combined/install/lbr_fri_ros2/lib:/home/suphasitpp/da-vinci-tool-combined/install/lbr_fri_idl/lib:/home/suphasitpp/da-vinci-tool-combined/install/fri_client_sdk/lib:/usr/lib/x86_64-linux-gnu/gazebo-11/plugins:/opt/ros/humble/opt/rviz_ogre_vendor/lib:/opt/ros/humble/lib/x86_64-linux-gnu:/opt/ros/humble/lib:/tmp/.mount_cursorXfOm6V/usr/lib/:/tmp/.mount_cursorXfOm6V/usr/lib32/:/tmp/.mount_cursorXfOm6V/usr/lib64/:/tmp/.mount_cursorXfOm6V/lib/:/tmp/.mount_cursorXfOm6V/lib/i386-linux-gnu/:/tmp/.mount_cursorXfOm6V/lib/x86_64-linux-gnu/:/tmp/.mount_cursorXfOm6V/lib/aarch64-linux-gnu/:/tmp/.mount_cursorXfOm6V/lib32/:/tmp/.mount_cursorXfOm6V/lib64/ /usr/bin/cmake /home/suphasitpp/my_msc_ws/src/lbr_fri_ros2_stack/lbr_fri_ros2 -DAMENT_CMAKE_SYMLINK_INSTALL=1 -DCMAKE_INSTALL_PREFIX=/home/suphasitpp/my_msc_ws/install/lbr_fri_ros2
[3.796s] Invoking command in '/home/suphasitpp/my_msc_ws/build/lbr_fri_ros2': CMAKE_PREFIX_PATH=/home/suphasitpp/my_msc_ws/install/lbr_description:/home/suphasitpp/my_msc_ws/install/kdl_parser:/home/suphasitpp/my_msc_ws/install/moveit_config_attached:/home/suphasitpp/my_msc_ws/install/patient_cart_description:/home/suphasitpp/my_msc_ws/install/suj_description:/home/suphasitpp/my_msc_ws/install/psm_description:/home/suphasitpp/my_msc_ws/install/mtm_description:/home/suphasitpp/my_msc_ws/install/med7_moveit_config_new:/home/suphasitpp/my_msc_ws/install/med7_moveit_config:/home/suphasitpp/my_msc_ws/install/med14_moveit_config:/home/suphasitpp/my_msc_ws/install/lbr_fri_ros2_stack:/home/suphasitpp/my_msc_ws/install/lbr_demos_cpp:/home/suphasitpp/my_msc_ws/install/lbr_bringup:/home/suphasitpp/my_msc_ws/install/lbr_ros2_control:/home/suphasitpp/my_msc_ws/install/lbr_moveit_cpp:/home/suphasitpp/my_msc_ws/install/lbr_demos_advanced_cpp:/home/suphasitpp/my_msc_ws/install/lbr_fri_ros2:/home/suphasitpp/my_msc_ws/install/iiwa7_moveit_config:/home/suphasitpp/my_msc_ws/install/iiwa14_moveit_config:/home/suphasitpp/my_msc_ws/install/ecm_description:/home/suphasitpp/my_msc_ws/install/davinci_core_description:/home/suphasitpp/my_msc_ws/install/adaptor:/home/suphasitpp/da-vinci-tool-combined/install/patient_cart_description:/home/suphasitpp/da-vinci-tool-combined/install/suj_description:/home/suphasitpp/da-vinci-tool-combined/install/psm_description:/home/suphasitpp/da-vinci-tool-combined/install/mtm_description:/home/suphasitpp/da-vinci-tool-combined/install/med7_moveit_config:/home/suphasitpp/da-vinci-tool-combined/install/med14_moveit_config:/home/suphasitpp/da-vinci-tool-combined/install/lbr_fri_ros2_stack:/home/suphasitpp/da-vinci-tool-combined/install/lbr_demos_cpp:/home/suphasitpp/da-vinci-tool-combined/install/lbr_bringup:/home/suphasitpp/da-vinci-tool-combined/install/lbr_ros2_control:/home/suphasitpp/da-vinci-tool-combined/install/lbr_moveit_cpp:/home/suphasitpp/da-vinci-tool-combined/install/lbr_demos_advanced_cpp:/home/suphasitpp/da-vinci-tool-combined/install/lbr_fri_ros2:/home/suphasitpp/da-vinci-tool-combined/install/lbr_fri_idl:/home/suphasitpp/da-vinci-tool-combined/install/iiwa7_moveit_config:/home/suphasitpp/da-vinci-tool-combined/install/iiwa14_moveit_config:/home/suphasitpp/da-vinci-tool-combined/install/lbr_description:/home/suphasitpp/da-vinci-tool-combined/install/fri_client_sdk:/home/suphasitpp/da-vinci-tool-combined/install/ecm_description:/home/suphasitpp/da-vinci-tool-combined/install/davinci_core_description:/home/suphasitpp/da-vinci-tool-combined/install/adaptor:/home/suphasitpp/my_msc_ws/install/lbr_demos_py:/home/suphasitpp/my_msc_ws/install/lbr_moveit:/home/suphasitpp/my_msc_ws/install/lbr_demos_advanced_py:/home/suphasitpp/my_msc_ws/install/da_vinci_tool_integration:/home/suphasitpp/da-vinci-tool-combined/install/lbr_demos_py:/home/suphasitpp/da-vinci-tool-combined/install/lbr_moveit:/home/suphasitpp/da-vinci-tool-combined/install/lbr_demos_advanced_py:/home/suphasitpp/da-vinci-tool-combined/install/da_vinvi_tool_robot_integration:/opt/ros/humble LD_LIBRARY_PATH=/home/suphasitpp/my_msc_ws/install/kdl_parser/lib:/home/suphasitpp/my_msc_ws/install/lbr_ros2_control/lib:/home/suphasitpp/my_msc_ws/install/lbr_demos_advanced_cpp/lib:/home/suphasitpp/my_msc_ws/install/lbr_fri_ros2/lib:/home/suphasitpp/da-vinci-tool-combined/install/lbr_ros2_control/lib:/home/suphasitpp/da-vinci-tool-combined/install/lbr_demos_advanced_cpp/lib:/home/suphasitpp/da-vinci-tool-combined/install/lbr_fri_ros2/lib:/home/suphasitpp/da-vinci-tool-combined/install/lbr_fri_idl/lib:/home/suphasitpp/da-vinci-tool-combined/install/fri_client_sdk/lib:/usr/lib/x86_64-linux-gnu/gazebo-11/plugins:/opt/ros/humble/opt/rviz_ogre_vendor/lib:/opt/ros/humble/lib/x86_64-linux-gnu:/opt/ros/humble/lib:/tmp/.mount_cursorXfOm6V/usr/lib/:/tmp/.mount_cursorXfOm6V/usr/lib32/:/tmp/.mount_cursorXfOm6V/usr/lib64/:/tmp/.mount_cursorXfOm6V/lib/:/tmp/.mount_cursorXfOm6V/lib/i386-linux-gnu/:/tmp/.mount_cursorXfOm6V/lib/x86_64-linux-gnu/:/tmp/.mount_cursorXfOm6V/lib/aarch64-linux-gnu/:/tmp/.mount_cursorXfOm6V/lib32/:/tmp/.mount_cursorXfOm6V/lib64/ /usr/bin/cmake --build /home/suphasitpp/my_msc_ws/build/lbr_fri_ros2 -- -j8 -l8
[7.457s] [  5%] [32mBuilding CXX object gtest/CMakeFiles/gtest_main.dir/src/gtest_main.cc.o[0m
[7.458s] [ 10%] [32mBuilding CXX object CMakeFiles/lbr_fri_ros2.dir/src/interfaces/position_command.cpp.o[0m
[7.459s] [ 15%] [32mBuilding CXX object CMakeFiles/lbr_fri_ros2.dir/src/interfaces/base_command.cpp.o[0m
[7.459s] [ 20%] [32mBuilding CXX object CMakeFiles/lbr_fri_ros2.dir/src/app.cpp.o[0m
[7.459s] [ 25%] [32mBuilding CXX object CMakeFiles/lbr_fri_ros2.dir/src/interfaces/wrench_command.cpp.o[0m
[7.459s] [ 30%] [32mBuilding CXX object CMakeFiles/lbr_fri_ros2.dir/src/async_client.cpp.o[0m
[7.459s] [ 35%] [32m[1mLinking CXX static library libgtest_main.a[0m
[7.459s] [ 35%] Built target gtest_main
[10.541s] [ 40%] [32mBuilding CXX object CMakeFiles/lbr_fri_ros2.dir/src/ft_estimator.cpp.o[0m
[17.563s] [ 45%] [32mBuilding CXX object CMakeFiles/lbr_fri_ros2.dir/src/kinematics.cpp.o[0m
[19.579s] [ 50%] [32mBuilding CXX object CMakeFiles/lbr_fri_ros2.dir/src/filters.cpp.o[0m
[19.700s] [ 55%] [32mBuilding CXX object CMakeFiles/lbr_fri_ros2.dir/src/control.cpp.o[0m
[20.672s] [ 60%] [32mBuilding CXX object CMakeFiles/lbr_fri_ros2.dir/src/worker.cpp.o[0m
[21.774s] [ 65%] [32mBuilding CXX object CMakeFiles/lbr_fri_ros2.dir/src/command_guard.cpp.o[0m
[23.375s] [ 70%] [32mBuilding CXX object CMakeFiles/lbr_fri_ros2.dir/src/interfaces/state.cpp.o[0m
[23.376s] [ 75%] [32mBuilding CXX object CMakeFiles/lbr_fri_ros2.dir/src/interfaces/torque_command.cpp.o[0m
[37.409s] [ 80%] [32m[1mLinking CXX shared library liblbr_fri_ros2.so[0m
[37.556s] [ 80%] Built target lbr_fri_ros2
[37.588s] [ 85%] [32mBuilding CXX object gtest/CMakeFiles/gtest.dir/src/gtest-all.cc.o[0m
[45.783s] [ 90%] [32m[1mLinking CXX static library libgtest.a[0m
[45.835s] [ 90%] Built target gtest
[45.867s] [ 95%] [32mBuilding CXX object CMakeFiles/test_command_interfaces.dir/test/test_command_interfaces.cpp.o[0m
[48.407s] [100%] [32m[1mLinking CXX executable test_command_interfaces[0m
[48.557s] [100%] Built target test_command_interfaces
