[0.056s] Invoking command in '/home/suphasitpp/my_msc_ws/build/mtm_description': CMAKE_PREFIX_PATH=${CMAKE_PREFIX_PATH}:/home/suphasitpp/my_msc_ws/install/lbr_demos_py:/home/suphasitpp/my_msc_ws/install/lbr_moveit:/home/suphasitpp/my_msc_ws/install/lbr_demos_advanced_py:/home/suphasitpp/my_msc_ws/install/da_vinci_tool_integration:/home/suphasitpp/da-vinci-tool-combined/install/lbr_demos_py:/home/suphasitpp/da-vinci-tool-combined/install/lbr_moveit:/home/suphasitpp/da-vinci-tool-combined/install/lbr_demos_advanced_py:/home/suphasitpp/da-vinci-tool-combined/install/da_vinvi_tool_robot_integration:/opt/ros/humble /usr/bin/cmake /home/suphasitpp/my_msc_ws/src/dvrk_urdf/mtm_description -DAMENT_CMAKE_SYMLINK_INSTALL=1 -DCMAKE_INSTALL_PREFIX=/home/suphasitpp/my_msc_ws/install/mtm_description
[0.597s] -- The C compiler identification is GNU 11.4.0
[0.597s] -- The CXX compiler identification is GNU 11.4.0
[0.622s] -- Detecting C compiler ABI info
[0.898s] -- Detecting C compiler ABI info - done
[0.910s] -- Check for working C compiler: /usr/bin/cc - skipped
[0.911s] -- Detecting C compile features
[0.911s] -- Detecting C compile features - done
[0.916s] -- Detecting CXX compiler ABI info
[1.201s] -- Detecting CXX compiler ABI info - done
[1.216s] -- Check for working CXX compiler: /usr/bin/c++ - skipped
[1.216s] -- Detecting CXX compile features
[1.216s] -- Detecting CXX compile features - done
[1.224s] -- Found ament_cmake: 1.3.11 (/opt/ros/humble/share/ament_cmake/cmake)
[1.593s] -- Found Python3: /usr/bin/python3 (found version "3.10.12") found components: Interpreter 
[1.747s] -- Override CMake install command with custom implementation using symlinks instead of copying resources
[1.854s] -- Found urdf: 2.6.1 (/opt/ros/humble/share/urdf/cmake)
[2.012s] -- Found xacro: 2.0.13 (/opt/ros/humble/share/xacro/cmake)
[2.019s] -- Found robot_state_publisher: 3.0.3 (/opt/ros/humble/share/robot_state_publisher/cmake)
[2.098s] -- Found rosidl_generator_c: 3.1.6 (/opt/ros/humble/share/rosidl_generator_c/cmake)
[2.110s] -- Found rosidl_adapter: 3.1.6 (/opt/ros/humble/share/rosidl_adapter/cmake)
[2.129s] -- Found rosidl_generator_cpp: 3.1.6 (/opt/ros/humble/share/rosidl_generator_cpp/cmake)
[2.160s] -- Using all available rosidl_typesupport_c: rosidl_typesupport_fastrtps_c;rosidl_typesupport_introspection_c
[2.214s] -- Using all available rosidl_typesupport_cpp: rosidl_typesupport_fastrtps_cpp;rosidl_typesupport_introspection_cpp
[2.351s] -- Found eigen3_cmake_module: 0.1.1 (/opt/ros/humble/share/eigen3_cmake_module/cmake)
[2.353s] -- Found Eigen3: TRUE (found version "3.4.0") 
[2.353s] -- Ensuring Eigen3 include directory is part of orocos-kdl CMake target
[2.451s] -- Found rmw_implementation_cmake: 6.1.2 (/opt/ros/humble/share/rmw_implementation_cmake/cmake)
[2.462s] -- Found rmw_fastrtps_cpp: 6.2.7 (/opt/ros/humble/share/rmw_fastrtps_cpp/cmake)
[2.511s] -- Found TinyXML2 via Config file: TinyXML2_DIR-NOTFOUND
[2.729s] -- Found OpenSSL: /usr/lib/x86_64-linux-gnu/libcrypto.so (found version "3.0.2")  
[2.734s] -- Found TinyXML2 via Config file: TinyXML2_DIR-NOTFOUND
[2.776s] -- Found FastRTPS: /opt/ros/humble/include  
[2.783s] -- Found TinyXML2 via Config file: TinyXML2_DIR-NOTFOUND
[2.802s] -- Found TinyXML2 via Config file: TinyXML2_DIR-NOTFOUND
[2.842s] -- Using RMW implementation 'rmw_fastrtps_cpp' as default
[2.873s] -- Looking for pthread.h
[3.124s] -- Looking for pthread.h - found
[3.125s] -- Performing Test CMAKE_HAVE_LIBC_PTHREAD
[3.441s] -- Performing Test CMAKE_HAVE_LIBC_PTHREAD - Success
[3.442s] -- Found Threads: TRUE  
[3.799s] -- Found trajectory_msgs: 4.8.0 (/opt/ros/humble/share/trajectory_msgs/cmake)
[3.838s] -- Found controller_manager: 2.50.0 (/opt/ros/humble/share/controller_manager/cmake)
[4.057s] -- Found joint_state_broadcaster: 2.45.0 (/opt/ros/humble/share/joint_state_broadcaster/cmake)
[4.119s] -- Found position_controllers: 2.45.0 (/opt/ros/humble/share/position_controllers/cmake)
[4.160s] -- Found ros2_control: 2.50.0 (/opt/ros/humble/share/ros2_control/cmake)
[4.164s] -- Found ros2_controllers: 2.45.0 (/opt/ros/humble/share/ros2_controllers/cmake)
[4.262s] -- Found ament_lint_auto: 0.12.12 (/opt/ros/humble/share/ament_lint_auto/cmake)
[4.522s] -- Added test 'cppcheck' to perform static code analysis on C / C++ code
[4.522s] -- Configured cppcheck include dirs: 
[4.522s] -- Configured cppcheck exclude dirs and/or files: 
[4.523s] -- Added test 'flake8' to check Python code syntax and style conventions
[4.528s] -- Added test 'lint_cmake' to check CMake code style
[4.530s] -- Added test 'pep257' to check Python code against some of the docstring style conventions in PEP 257
[4.535s] -- Added test 'uncrustify' to check C / C++ code style
[4.535s] -- Configured uncrustify additional arguments: 
[4.541s] -- Added test 'xmllint' to check XML markup files
[4.552s] -- Configuring done
[4.608s] -- Generating done
[4.619s] -- Build files have been written to: /home/suphasitpp/my_msc_ws/build/mtm_description
[4.678s] Invoked command in '/home/suphasitpp/my_msc_ws/build/mtm_description' returned '0': CMAKE_PREFIX_PATH=${CMAKE_PREFIX_PATH}:/home/suphasitpp/my_msc_ws/install/lbr_demos_py:/home/suphasitpp/my_msc_ws/install/lbr_moveit:/home/suphasitpp/my_msc_ws/install/lbr_demos_advanced_py:/home/suphasitpp/my_msc_ws/install/da_vinci_tool_integration:/home/suphasitpp/da-vinci-tool-combined/install/lbr_demos_py:/home/suphasitpp/da-vinci-tool-combined/install/lbr_moveit:/home/suphasitpp/da-vinci-tool-combined/install/lbr_demos_advanced_py:/home/suphasitpp/da-vinci-tool-combined/install/da_vinvi_tool_robot_integration:/opt/ros/humble /usr/bin/cmake /home/suphasitpp/my_msc_ws/src/dvrk_urdf/mtm_description -DAMENT_CMAKE_SYMLINK_INSTALL=1 -DCMAKE_INSTALL_PREFIX=/home/suphasitpp/my_msc_ws/install/mtm_description
[4.681s] Invoking command in '/home/suphasitpp/my_msc_ws/build/mtm_description': CMAKE_PREFIX_PATH=${CMAKE_PREFIX_PATH}:/home/suphasitpp/my_msc_ws/install/lbr_demos_py:/home/suphasitpp/my_msc_ws/install/lbr_moveit:/home/suphasitpp/my_msc_ws/install/lbr_demos_advanced_py:/home/suphasitpp/my_msc_ws/install/da_vinci_tool_integration:/home/suphasitpp/da-vinci-tool-combined/install/lbr_demos_py:/home/suphasitpp/da-vinci-tool-combined/install/lbr_moveit:/home/suphasitpp/da-vinci-tool-combined/install/lbr_demos_advanced_py:/home/suphasitpp/da-vinci-tool-combined/install/da_vinvi_tool_robot_integration:/opt/ros/humble /usr/bin/cmake --build /home/suphasitpp/my_msc_ws/build/mtm_description -- -j8 -l8
[4.979s] [ 50%] [32mBuilding CXX object CMakeFiles/mtms_joint_controller.dir/src/mtms_joint_controller.cpp.o[0m
[14.172s] [100%] [32m[1mLinking CXX executable mtms_joint_controller[0m
[15.264s] [100%] Built target mtms_joint_controller
[15.336s] Invoked command in '/home/suphasitpp/my_msc_ws/build/mtm_description' returned '0': CMAKE_PREFIX_PATH=${CMAKE_PREFIX_PATH}:/home/suphasitpp/my_msc_ws/install/lbr_demos_py:/home/suphasitpp/my_msc_ws/install/lbr_moveit:/home/suphasitpp/my_msc_ws/install/lbr_demos_advanced_py:/home/suphasitpp/my_msc_ws/install/da_vinci_tool_integration:/home/suphasitpp/da-vinci-tool-combined/install/lbr_demos_py:/home/suphasitpp/da-vinci-tool-combined/install/lbr_moveit:/home/suphasitpp/da-vinci-tool-combined/install/lbr_demos_advanced_py:/home/suphasitpp/da-vinci-tool-combined/install/da_vinvi_tool_robot_integration:/opt/ros/humble /usr/bin/cmake --build /home/suphasitpp/my_msc_ws/build/mtm_description -- -j8 -l8
[15.337s] Invoking command in '/home/suphasitpp/my_msc_ws/build/mtm_description': CMAKE_PREFIX_PATH=${CMAKE_PREFIX_PATH}:/home/suphasitpp/my_msc_ws/install/lbr_demos_py:/home/suphasitpp/my_msc_ws/install/lbr_moveit:/home/suphasitpp/my_msc_ws/install/lbr_demos_advanced_py:/home/suphasitpp/my_msc_ws/install/da_vinci_tool_integration:/home/suphasitpp/da-vinci-tool-combined/install/lbr_demos_py:/home/suphasitpp/da-vinci-tool-combined/install/lbr_moveit:/home/suphasitpp/da-vinci-tool-combined/install/lbr_demos_advanced_py:/home/suphasitpp/da-vinci-tool-combined/install/da_vinvi_tool_robot_integration:/opt/ros/humble /usr/bin/cmake --install /home/suphasitpp/my_msc_ws/build/mtm_description
[16.573s] -- Install configuration: ""
[16.573s] -- Execute custom install script
[16.573s] -- Symlinking: /home/suphasitpp/my_msc_ws/install/mtm_description/share/mtm_description/config/mtms.controllers.yaml
[16.573s] -- Symlinking: /home/suphasitpp/my_msc_ws/install/mtm_description/share/mtm_description/launch/README.md
[16.573s] -- Symlinking: /home/suphasitpp/my_msc_ws/install/mtm_description/share/mtm_description/launch/mtms_bringup.launch.py
[16.573s] -- Symlinking: /home/suphasitpp/my_msc_ws/install/mtm_description/share/mtm_description/launch/view_robot.launch.py
[16.573s] -- Symlinking: /home/suphasitpp/my_msc_ws/install/mtm_description/share/mtm_description/meshes/ArmParallel.dae
[16.574s] -- Symlinking: /home/suphasitpp/my_msc_ws/install/mtm_description/share/mtm_description/meshes/ArmParallel.stl
[16.574s] -- Symlinking: /home/suphasitpp/my_msc_ws/install/mtm_description/share/mtm_description/meshes/ArmParallel1.dae
[16.574s] -- Symlinking: /home/suphasitpp/my_msc_ws/install/mtm_description/share/mtm_description/meshes/ArmParallel1.stl
[16.574s] -- Symlinking: /home/suphasitpp/my_msc_ws/install/mtm_description/share/mtm_description/meshes/BottomArm.dae
[16.574s] -- Symlinking: /home/suphasitpp/my_msc_ws/install/mtm_description/share/mtm_description/meshes/BottomArm.stl
[16.577s] -- Symlinking: /home/suphasitpp/my_msc_ws/install/mtm_description/share/mtm_description/meshes/Link.dae
[16.577s] -- Symlinking: /home/suphasitpp/my_msc_ws/install/mtm_description/share/mtm_description/meshes/Link.stl
[16.577s] -- Symlinking: /home/suphasitpp/my_msc_ws/install/mtm_description/share/mtm_description/meshes/OutPitch_Shoulder.dae
[16.578s] -- Symlinking: /home/suphasitpp/my_msc_ws/install/mtm_description/share/mtm_description/meshes/OutPitch_Shoulder.stl
[16.578s] -- Symlinking: /home/suphasitpp/my_msc_ws/install/mtm_description/share/mtm_description/meshes/TopPanel.dae
[16.578s] -- Symlinking: /home/suphasitpp/my_msc_ws/install/mtm_description/share/mtm_description/meshes/TopPanel.stl
[16.578s] -- Symlinking: /home/suphasitpp/my_msc_ws/install/mtm_description/share/mtm_description/meshes/WristPitch.dae
[16.578s] -- Symlinking: /home/suphasitpp/my_msc_ws/install/mtm_description/share/mtm_description/meshes/WristPitch.stl
[16.578s] -- Symlinking: /home/suphasitpp/my_msc_ws/install/mtm_description/share/mtm_description/meshes/WristPlatform.dae
[16.605s] -- Symlinking: /home/suphasitpp/my_msc_ws/install/mtm_description/share/mtm_description/meshes/WristPlatform.stl
[16.666s] -- Symlinking: /home/suphasitpp/my_msc_ws/install/mtm_description/share/mtm_description/meshes/WristRoll.dae
[16.726s] -- Symlinking: /home/suphasitpp/my_msc_ws/install/mtm_description/share/mtm_description/meshes/WristRoll.stl
[16.795s] -- Symlinking: /home/suphasitpp/my_msc_ws/install/mtm_description/share/mtm_description/meshes/WristYaw.dae
[16.840s] -- Symlinking: /home/suphasitpp/my_msc_ws/install/mtm_description/share/mtm_description/meshes/WristYaw.stl
[16.895s] -- Symlinking: /home/suphasitpp/my_msc_ws/install/mtm_description/share/mtm_description/rviz/mtm_description.rviz
[16.969s] -- Symlinking: /home/suphasitpp/my_msc_ws/install/mtm_description/share/mtm_description/urdf/README.md
[16.995s] -- Symlinking: /home/suphasitpp/my_msc_ws/install/mtm_description/share/mtm_description/urdf/mtms.urdf.xacro
[17.031s] -- Symlinking: /home/suphasitpp/my_msc_ws/install/mtm_description/share/mtm_description/urdf/ros2_control/README.md
[17.071s] -- Symlinking: /home/suphasitpp/my_msc_ws/install/mtm_description/share/mtm_description/urdf/ros2_control/mtm.ros2_control.xacro
[17.100s] -- Symlinking: /home/suphasitpp/my_msc_ws/install/mtm_description/share/mtm_description/urdf/xacros/README.md
[17.138s] -- Symlinking: /home/suphasitpp/my_msc_ws/install/mtm_description/share/mtm_description/urdf/xacros/common.xacro
[17.171s] -- Symlinking: /home/suphasitpp/my_msc_ws/install/mtm_description/share/mtm_description/urdf/xacros/mtm.xacro
[17.198s] -- Symlinking: /home/suphasitpp/my_msc_ws/install/mtm_description/lib/mtm_description/mtms_joint_controller
[17.227s] -- Symlinking: /home/suphasitpp/my_msc_ws/install/mtm_description/share/ament_index/resource_index/package_run_dependencies/mtm_description
[17.269s] -- Symlinking: /home/suphasitpp/my_msc_ws/install/mtm_description/share/ament_index/resource_index/parent_prefix_path/mtm_description
[17.318s] -- Symlinking: /home/suphasitpp/my_msc_ws/install/mtm_description/share/mtm_description/environment/ament_prefix_path.sh
[17.343s] -- Symlinking: /home/suphasitpp/my_msc_ws/install/mtm_description/share/mtm_description/environment/ament_prefix_path.dsv
[17.396s] -- Symlinking: /home/suphasitpp/my_msc_ws/install/mtm_description/share/mtm_description/environment/path.sh
[17.435s] -- Symlinking: /home/suphasitpp/my_msc_ws/install/mtm_description/share/mtm_description/environment/path.dsv
[17.484s] -- Symlinking: /home/suphasitpp/my_msc_ws/install/mtm_description/share/mtm_description/local_setup.bash
[17.530s] -- Symlinking: /home/suphasitpp/my_msc_ws/install/mtm_description/share/mtm_description/local_setup.sh
[17.581s] -- Symlinking: /home/suphasitpp/my_msc_ws/install/mtm_description/share/mtm_description/local_setup.zsh
[17.615s] -- Symlinking: /home/suphasitpp/my_msc_ws/install/mtm_description/share/mtm_description/local_setup.dsv
[17.676s] -- Symlinking: /home/suphasitpp/my_msc_ws/install/mtm_description/share/mtm_description/package.dsv
[17.710s] -- Symlinking: /home/suphasitpp/my_msc_ws/install/mtm_description/share/ament_index/resource_index/packages/mtm_description
[17.753s] -- Symlinking: /home/suphasitpp/my_msc_ws/install/mtm_description/share/mtm_description/cmake/mtm_descriptionConfig.cmake
[17.795s] -- Symlinking: /home/suphasitpp/my_msc_ws/install/mtm_description/share/mtm_description/cmake/mtm_descriptionConfig-version.cmake
[17.823s] -- Symlinking: /home/suphasitpp/my_msc_ws/install/mtm_description/share/mtm_description/package.xml
[18.010s] Invoked command in '/home/suphasitpp/my_msc_ws/build/mtm_description' returned '0': CMAKE_PREFIX_PATH=${CMAKE_PREFIX_PATH}:/home/suphasitpp/my_msc_ws/install/lbr_demos_py:/home/suphasitpp/my_msc_ws/install/lbr_moveit:/home/suphasitpp/my_msc_ws/install/lbr_demos_advanced_py:/home/suphasitpp/my_msc_ws/install/da_vinci_tool_integration:/home/suphasitpp/da-vinci-tool-combined/install/lbr_demos_py:/home/suphasitpp/da-vinci-tool-combined/install/lbr_moveit:/home/suphasitpp/da-vinci-tool-combined/install/lbr_demos_advanced_py:/home/suphasitpp/da-vinci-tool-combined/install/da_vinvi_tool_robot_integration:/opt/ros/humble /usr/bin/cmake --install /home/suphasitpp/my_msc_ws/build/mtm_description
